[2026-03-07T15:04:47.982+0000] {local_task_job_runner.py:120} INFO - ::group::Pre task execution logs
[2026-03-07T15:04:48.002+0000] {taskinstance.py:2076} INFO - Dependencies all met for dep_context=non-requeueable deps ti=<TaskInstance: pipeline_retail_data.spark_etl_task_to_s3 manual__2026-03-07T14:59:27.042355+00:00 [queued]>
[2026-03-07T15:04:48.009+0000] {taskinstance.py:2076} INFO - Dependencies all met for dep_context=requeueable deps ti=<TaskInstance: pipeline_retail_data.spark_etl_task_to_s3 manual__2026-03-07T14:59:27.042355+00:00 [queued]>
[2026-03-07T15:04:48.010+0000] {taskinstance.py:2306} INFO - Starting attempt 1 of 4
[2026-03-07T15:04:48.023+0000] {taskinstance.py:2330} INFO - Executing <Task(PythonOperator): spark_etl_task_to_s3> on 2026-03-07 14:59:27.042355+00:00
[2026-03-07T15:04:48.028+0000] {standard_task_runner.py:63} INFO - Started process 1873 to run task
[2026-03-07T15:04:48.031+0000] {standard_task_runner.py:90} INFO - Running: ['***', 'tasks', 'run', 'pipeline_retail_data', 'spark_etl_task_to_s3', 'manual__2026-03-07T14:59:27.042355+00:00', '--job-id', '85', '--raw', '--subdir', 'DAGS_FOLDER/pipeline_retail_data.py', '--cfg-path', '/tmp/tmpil00otzv']
[2026-03-07T15:04:48.033+0000] {standard_task_runner.py:91} INFO - Job 85: Subtask spark_etl_task_to_s3
[2026-03-07T15:04:48.077+0000] {task_command.py:426} INFO - Running <TaskInstance: pipeline_retail_data.spark_etl_task_to_s3 manual__2026-03-07T14:59:27.042355+00:00 [running]> on host d92a1596ce2a
[2026-03-07T15:04:48.156+0000] {taskinstance.py:2648} INFO - Exporting env vars: AIRFLOW_CTX_DAG_OWNER='***' AIRFLOW_CTX_DAG_ID='pipeline_retail_data' AIRFLOW_CTX_TASK_ID='spark_etl_task_to_s3' AIRFLOW_CTX_EXECUTION_DATE='2026-03-07T14:59:27.042355+00:00' AIRFLOW_CTX_TRY_NUMBER='1' AIRFLOW_CTX_DAG_RUN_ID='manual__2026-03-07T14:59:27.042355+00:00'
[2026-03-07T15:04:48.157+0000] {taskinstance.py:430} INFO - ::endgroup::
[2026-03-07T15:04:48.172+0000] {pyspark_etl.py:50} INFO - 🚀 Запуск ETL для признаков покупателей
[2026-03-07T15:04:52.537+0000] {pyspark_etl.py:79} INFO - 🔍 Проверка подключения к S3 Selectel...
[2026-03-07T15:04:52.859+0000] {s3_writer.py:73} INFO - 🔍 Проверка подключения к S3 Selectel...
[2026-03-07T15:04:52.860+0000] {s3_writer.py:74} INFO - 📌 Endpoint: https://s3.ru-7.storage.selcloud.ru
[2026-03-07T15:04:52.860+0000] {s3_writer.py:75} INFO - 📌 Bucket: reports-for-customer
[2026-03-07T15:04:52.861+0000] {s3_writer.py:76} INFO - 📌 Регион: ru-7
[2026-03-07T15:04:53.179+0000] {s3_writer.py:80} INFO - ✅ Бакет 'reports-for-customer' доступен
[2026-03-07T15:04:53.179+0000] {s3_writer.py:81} INFO - ✅ Подключение к S3 Selectel успешно!
[2026-03-07T15:04:53.181+0000] {pyspark_etl.py:87} INFO - ✅ Проверка подключения к S3 пройдена успешно!
[2026-03-07T15:04:56.333+0000] {logging_mixin.py:188} INFO - +-------------------+-----------+-------------------+-----------------+----------+
|        customer_pk|customer_id|  registration_date|is_loyalty_member|   version|
+-------------------+-----------+-------------------+-----------------+----------+
|  90376278230315321| cus-102087|2024-10-01 16:50:56|             true|1772895590|
| 293634030022388603| cus-102047|2025-10-17 16:50:56|             true|1772895589|
| 421604615932879631| cus-102000|2024-04-05 16:50:56|             true|1772895588|
| 710280775358057256| cus-102016|2025-05-03 16:50:56|             true|1772895588|
| 769418141428691029| cus-102053|2025-01-20 16:50:56|             true|1772895589|
| 864262588851882856| cus-102024|2025-03-05 16:50:56|             true|1772895589|
|1144199855976912586| cus-102056|2025-03-21 16:50:56|             true|1772895589|
|1168586044511875731| cus-102022|2024-10-02 16:50:56|             true|1772895589|
|1557686155565141281| cus-102077|2025-03-30 16:50:56|             true|1772895589|
|1716779570112243137| cus-102059|2025-02-02 16:50:56|             true|1772895589|
|1759844826598570449| cus-102041|2024-06-14 16:50:56|             true|1772895589|
|1762114623553233591| cus-102083|2024-12-04 16:50:56|             true|1772895590|
|1993189347480512090| cus-102030|2024-04-19 16:50:56|             true|1772895589|
|2110102198217267892| cus-102064|2025-03-31 16:50:56|             true|1772895589|
|2448985849358143269| cus-102023|2025-11-03 16:50:56|             true|1772895589|
|2484748000172317099| cus-102048|2025-09-06 16:50:56|             true|1772895589|
|2548608509024688504| cus-102088|2024-08-20 16:50:56|             true|1772895590|
|3202698452274110141| cus-102040|2024-08-14 16:50:56|             true|1772895589|
|3322061174904165211| cus-102005|2025-01-03 16:50:56|             true|1772895588|
|3324685008715348487| cus-102054|2024-07-04 16:50:56|             true|1772895589|
+-------------------+-----------+-------------------+-----------------+----------+
only showing top 20 rows
[2026-03-07T15:04:56.569+0000] {logging_mixin.py:188} INFO - +-------------------+--------------------+--------------------+--------------------+------------+-----------------+-----------+-------------------+----------+
|        purchase_pk|         customer_pk|            store_pk| delivery_address_id|total_amount|payment_method_id|is_delivery|  purchase_datetime|   version|
+-------------------+--------------------+--------------------+--------------------+------------+-----------------+-----------+-------------------+----------+
|  37505823145347490|17237221905125028356| 9829375473110392486|16537076051170633865|      675.07|                2|       true|2025-11-26 16:50:56|1772895601|
|  10080683939871679|18020196769643741962| 6513254720922663589|16797777054856931204|     1284.84|                2|       true|2025-08-21 16:50:56|1772895595|
|  10443832720374111|14382631966421412963|17178047234088331764|                   0|      421.33|                3|      false|2025-04-05 16:50:56|1772895599|
|  37505823145347490|17237221905125028356| 9829375473110392486|16537076051170633865|      675.07|                2|       true|2025-11-26 16:50:56|1772891511|
| 159396248788566800| 6512853426900033491|17243839422288664863| 4516415771487159632|     1073.55|                2|       true|2026-01-12 16:50:56|1772895597|
| 225270144474639298|18020196769643741962| 4692061054997426951|                   0|      1636.0|                2|      false|2026-01-07 16:50:56|1772895592|
| 233057258941730897| 6870789760547292416|10911420176064589457|                   0|     4400.71|                2|      false|2025-05-06 16:50:56|1772895592|
| 281057376140806042|  769418141428691029|10911420176064589457|                   0|      500.46|                3|      false|2025-10-26 16:50:56|1772895592|
| 465085882282695144| 6512853426900033491|17243839422288664863| 4516415771487159632|      937.49|                1|       true|2025-11-21 16:50:56|1772895595|
| 470146644832753966| 7458138624245626923| 2961831399662680540|                   0|       93.14|                1|      false|2025-03-19 16:50:56|1772895599|
| 569454548804392989| 7458138624245626923| 9829375473110392486|                   0|     1491.66|                3|      false|2025-03-26 16:50:56|1772895600|
| 662709493330173018| 6536037986045956816| 3859975229781938197|                   0|      793.39|                3|      false|2025-06-05 16:50:56|1772895598|
| 822843684206064948| 9560562842004350180| 7731938848707635372|                   0|     1716.42|                2|      false|2025-04-28 16:50:56|1772895597|
| 864366071982694955|  293634030022388603|10923087282722258828|                   0|      1788.4|                2|      false|2025-09-02 16:50:56|1772895596|
| 950984137775830414| 8153171810807500465|11814526252211197643|10830880682363855214|     3075.25|                2|       true|2025-09-25 16:50:56|1772895598|
|1015015194633129524| 1716779570112243137|16074636106730896827|                   0|     1479.31|                2|      false|2026-01-17 16:50:56|1772895598|
|1061710346621434392|17587063348631705724| 8196942229410660037|                   0|     1311.28|                1|      false|2025-08-04 16:50:56|1772895598|
|1118587956012343651|18409220625880437729|18432242433959693496|                   0|     1886.32|                3|      false|2025-08-01 16:50:56|1772895596|
|1218453056944129316|  769418141428691029|10911420176064589457| 1337178583891576499|      530.78|                2|       true|2025-08-03 16:50:56|1772895600|
|1269968317346793076| 6383821375615326932| 2675638147963818549|   50896190766770771|     2330.77|                3|       true|2025-09-22 16:50:56|1772895595|
+-------------------+--------------------+--------------------+--------------------+------------+-----------------+-----------+-------------------+----------+
only showing top 20 rows
[2026-03-07T15:04:56.758+0000] {logging_mixin.py:188} INFO - +--------------------+--------------------+------+----------+----------+--------------------+----------+
|          product_pk|        product_name| price|is_organic|product_id|         category_id|   version|
+--------------------+--------------------+------+----------+----------+--------------------+----------+
|16022192574610473538|              имбирь|170.21|      true|  prd-0115| 1058755472140423217|1772895591|
| 2726404929496797216|                хрен|172.92|      true|  prd-0116| 1058755472140423217|1772895591|
|  240201107014455108|        куриное филе|265.39|     false|  prd-0025| 8821352306678305276|1772895590|
|  301246117085865574|                кекс| 117.3|     false|  prd-0020| 7893664523093767100|1772895590|
|  313066989611070745|            виноград|168.65|     false|  prd-0075| 1735416391460367384|1772895591|
|  393461130181427705|     лаваш армянский| 68.88|     false|  prd-0004| 7893664523093767100|1772895590|
|  434280926097662921|       йогурт густой| 62.09|      true|  prd-0067|16205386397547398434|1772895591|
|  625314692522218997|             сосиски|267.77|     false|  prd-0041| 8821352306678305276|1772895590|
|  641825490791835610|             пряники|163.26|      true|  prd-0017| 7893664523093767100|1772895590|
|  651833334301775749|      хлеб пшеничный| 35.14|     false|  prd-0002| 7893664523093767100|1772895590|
| 1081663260684500001|капуста белокочанная| 50.53|      true|  prd-0097| 1058755472140423217|1772895591|
| 1205311584834923563|               лимон|119.59|     false|  prd-0092| 1735416391460367384|1772895591|
| 1337943674887666563|       сыр плавленый| 66.59|      true|  prd-0058|16205386397547398434|1772895591|
| 1460506377039965115|             свинина|392.61|     false|  prd-0027| 8821352306678305276|1772895590|
| 1549462517728195751|              минтай|247.87|     false|  prd-0033| 8821352306678305276|1772895590|
| 1622834884860611513|     творожная масса|114.23|      true|  prd-0057|16205386397547398434|1772895591|
| 1626663357979205267|         сметана 20%| 99.27|      true|  prd-0051|16205386397547398434|1772895590|
| 1647410426118124956|         хлеб ржаной| 57.42|      true|  prd-0001| 7893664523093767100|1772895590|
| 1760008607120514864|            говядина|495.77|      true|  prd-0026| 8821352306678305276|1772895590|
| 1820634022659700980|              шпинат|117.06|     false|  prd-0103| 1058755472140423217|1772895591|
+--------------------+--------------------+------+----------+----------+--------------------+----------+
only showing top 20 rows
[2026-03-07T15:04:56.912+0000] {logging_mixin.py:188} INFO - +-------------------+------------------------+--------------------+----------+
|           store_pk|store_delivery_available|         location_id|   version|
+-------------------+------------------------+--------------------+----------+
|2675638147963818549|                    true| 5299750604082599488|1772895593|
|2961831399662680540|                   false|14281445405044747011|1772895593|
|3122272640309531860|                    true| 7625969579394686801|1772895594|
|3590131021707488648|                    true|17275224010828273846|1772895593|
|3859975229781938197|                    true| 9582376155959591921|1772895593|
|4692061054997426951|                   false|  570718751882306434|1772895594|
|4709882277682346341|                    true|15691407479697449167|1772895594|
|5660670172509238686|                    true| 2303322687010024077|1772895594|
|6513254720922663589|                    true| 6244774070741551528|1772895593|
|6579472126227148456|                    true|14662332551847292429|1772895593|
|6963292330771858560|                   false| 7382587975375929738|1772895594|
|7232378548934719103|                    true| 1933955886921591284|1772895593|
|7620034972947214917|                    true| 7575926751151691092|1772895593|
|7686466403324148535|                    true| 4648355159227712666|1772895593|
|7731938848707635372|                    true|15758442084479706983|1772895593|
|8196942229410660037|                    true| 5950341893726699977|1772895593|
|8287376788154535932|                   false| 4020758733489321945|1772895593|
|8460928867254416753|                    true|11280685735037365998|1772895593|
|9069478655841570584|                    true|17620518619967042216|1772895593|
|9573003644149761719|                   false| 5824123700731469473|1772895593|
+-------------------+------------------------+--------------------+----------+
only showing top 20 rows
[2026-03-07T15:04:57.093+0000] {logging_mixin.py:188} INFO - +------------------+--------------------+--------------------+--------+-----------+----------+
|           item_pk|         purchase_pk|          product_pk|quantity|total_price|   version|
+------------------+--------------------+--------------------+--------+-----------+----------+
|  5081309968950765| 5829058958780245242|17431735938025548114|     3.0|      472.2|1772895601|
|  7380884291238090|15135402966248483903| 1460506377039965115|     2.0|     785.22|1772895592|
| 22857486393976362|13996776396155580029|10518334241803346673|     1.0|     112.67|1772895599|
| 37146233900335920|  465085882282695144|  313066989611070745|     1.0|     168.65|1772895595|
| 69165846988055199|14170627975525149890|12966041839848496418|     2.0|      133.7|1772895600|
| 84821838087212087| 8267730664094723322|10974419364778172139|     1.0|      311.2|1772895596|
|110026430495434291|  822843684206064948|  651833334301775749|     3.0|     105.42|1772895597|
|116287540020968242| 9922909673298747616| 3461264350426941475|     1.0|      82.12|1772895592|
|142128527432315411|10377145295155190614|14264846090186944947|     1.0|      193.4|1772895598|
|156147605173250734|13558896506571814379| 1820634022659700980|     2.0|     234.12|1772895599|
|169754892208056153|10683401911101346462|  434280926097662921|     2.0|     124.18|1772895592|
|191004392137610713|15636100540716699716| 4652480185648275818|     3.0|     365.79|1772895592|
|199726143129493345| 4769597294536154503|11936919334975258939|     1.0|     105.17|1772895596|
|203166134132798786| 6574279006767484165|  313066989611070745|     3.0|     505.95|1772895599|
|209575152850094095|15636100540716699716|11759432672542674673|     2.0|     217.98|1772895592|
|216028159369759570| 1468645721976028880| 3461264350426941475|     1.0|      82.12|1772895597|
|231038788673752261|11433842515096554559|17558603198440237405|     1.0|      418.4|1772895598|
|232890932117681372|12443282473740575675| 1337943674887666563|     1.0|      66.59|1772895598|
|258434545576775629| 4042075464079905986| 9550942672742360254|     1.0|     335.04|1772895599|
|270803300903443006|14764426992829753445| 9076702470539572366|     3.0|     190.44|1772895592|
+------------------+--------------------+--------------------+--------+-----------+----------+
only showing top 20 rows
[2026-03-07T15:04:57.271+0000] {logging_mixin.py:188} INFO - +-------------------+--------------------+----------+
|delivery_address_id|    delivery_city_id|   version|
+-------------------+--------------------+----------+
|  50896190766770771| 5282892129430202966|1772895589|
| 230640928654633701| 7337112146142057918|1772895589|
| 343829935975573052|18201591812640350322|1772895589|
| 505417029010009707| 7337112146142057918|1772895589|
| 636974918386415912| 9452348623562206575|1772895589|
|1012419988380428703|12938566394970619654|1772895589|
|1067837915417476064|11833123299034471592|1772895589|
|1337178583891576499|16655692243328032334|1772895589|
|1733177367333793823| 3848376425330585567|1772895589|
|2541030766291861031| 1226964087788912659|1772895589|
|2548884945142251470| 1226964087788912659|1772895588|
|2991171021763877652| 6820665127455753191|1772895589|
|3076792537892791752|18201591812640350322|1772895590|
|3226813782572202647| 9452348623562206575|1772895589|
|3544113641533273436| 5282892129430202966|1772895589|
|3635521322222290088| 3848376425330585567|1772895589|
|3754634744846280605| 7446145930937050134|1772895590|
|3776830919175941738| 4623820334902381411|1772895589|
|3878005480968421198| 1226964087788912659|1772895588|
|3981848830833749342| 9813129139503726478|1772895589|
+-------------------+--------------------+----------+
only showing top 20 rows
[2026-03-07T15:04:57.542+0000] {logging_mixin.py:188} INFO - +-----------------+-------------------+----------+
|payment_method_id|payment_method_name|   version|
+-----------------+-------------------+----------+
|                1|               card|1772895601|
|                2|               cash|1772895601|
|                3|             online|1772895601|
+-----------------+-------------------+----------+
[2026-03-07T15:04:57.735+0000] {logging_mixin.py:188} INFO - +--------------------+--------------------+----------+
|         category_id|       category_name|   version|
+--------------------+--------------------+----------+
| 1058755472140423217|      овощи и зелень|1772895591|
| 1058755472140423217|      овощи и зелень|1772895591|
| 1058755472140423217|      овощи и зелень|1772895591|
| 1735416391460367384|      фрукты и ягоды|1772895591|
| 7893664523093767100|зерновые и хлебоб...|1772895590|
| 8821352306678305276|мясо, рыба, яйца ...|1772895590|
|16205386397547398434|   молочные продукты|1772895591|
+--------------------+--------------------+----------+
[2026-03-07T15:04:57.864+0000] {logging_mixin.py:188} INFO - +-------------------+--------------------+----------+
|         address_id|       store_city_id|   version|
+-------------------+--------------------+----------+
| 570718751882306434| 6820665127455753191|1772895594|
| 699437665651920400|16355699785285920133|1772895593|
| 910230885195901868| 3485800887571282590|1772895593|
|1933955886921591284| 9813129139503726478|1772895593|
|2303322687010024077| 9813129139503726478|1772895594|
|4020758733489321945| 9452348623562206575|1772895593|
|4129977894790868246|16655692243328032334|1772895593|
|4648355159227712666| 1226964087788912659|1772895593|
|4904094747006328188| 3848376425330585567|1772895593|
|5030245823838532865|15425034389476716185|1772895593|
|5299750604082599488| 5282892129430202966|1772895593|
|5824123700731469473| 5019629916906286743|1772895593|
|5950341893726699977| 1226964087788912659|1772895593|
|6244774070741551528| 6820665127455753191|1772895593|
|6469024298022237065| 4623820334902381411|1772895593|
|7382587975375929738| 4623820334902381411|1772895594|
|7575926751151691092|18201591812640350322|1772895593|
|7625969579394686801| 7446145930937050134|1772895594|
|9218251287376736718| 3745277764759433350|1772895593|
|9502257129046608922| 4158169769813080284|1772895593|
+-------------------+--------------------+----------+
only showing top 20 rows
[2026-03-07T15:04:58.275+0000] {pyspark_etl.py:117} INFO - 📊 customers: 89 записей
[2026-03-07T15:04:58.397+0000] {pyspark_etl.py:118} INFO - 📊 purchases: 501 записей
[2026-03-07T15:04:58.659+0000] {pyspark_etl.py:119} INFO - 📊 products: 118 записей
[2026-03-07T15:04:58.791+0000] {pyspark_etl.py:120} INFO - 📊 stores: 45 записей
[2026-03-07T15:04:58.891+0000] {pyspark_etl.py:121} INFO - 📊 purchase_items: 1433 записей
[2026-03-07T15:04:59.004+0000] {pyspark_etl.py:122} INFO - 📊 delivery_address: 89 записей
[2026-03-07T15:04:59.116+0000] {pyspark_etl.py:124} INFO - 📊 payment_method: 3 записей
[2026-03-07T15:04:59.240+0000] {pyspark_etl.py:125} INFO - 📊 categories: 7 записей
[2026-03-07T15:04:59.342+0000] {pyspark_etl.py:126} INFO - 📊 address: 45 записей
[2026-03-07T15:04:59.371+0000] {feature_engineering.py:63} INFO - 🔄 Обработка purchases
[2026-03-07T15:05:00.518+0000] {feature_engineering.py:87} INFO - 📊 purchases: 501 → 500 (удалено 1)
[2026-03-07T15:05:00.627+0000] {feature_engineering.py:127} INFO - 🔄 Обработка customers
[2026-03-07T15:05:01.160+0000] {feature_engineering.py:161} INFO - 📊 customers: 89 → 89 (удалено 0 дубликатов)
[2026-03-07T15:05:01.161+0000] {feature_engineering.py:168} INFO - 🔄 Обработка products
[2026-03-07T15:05:01.658+0000] {feature_engineering.py:214} INFO - 📊 products: 118 → 116 (удалено 2 дубликатов)
[2026-03-07T15:05:01.658+0000] {feature_engineering.py:221} INFO - 🔄 Обработка stores...
[2026-03-07T15:05:02.034+0000] {feature_engineering.py:265} INFO - 📊 stores: 45 → 45 (удалено 0 дубликатов)
[2026-03-07T15:05:02.034+0000] {feature_engineering.py:272} INFO - 🔄 Обработка purchase_item_detail
[2026-03-07T15:05:02.647+0000] {feature_engineering.py:295} INFO - 📊 purchase_items: 1433 → 1433 (удалено 0 дубликатов)
[2026-03-07T15:05:02.994+0000] {feature_engineering.py:309} INFO - ✅ purchase_items готово: 1433
[2026-03-07T15:05:02.995+0000] {feature_engineering.py:318} INFO - 💾 Кэширование данных
[2026-03-07T15:05:11.148+0000] {feature_engineering.py:415} INFO - ✅ bought_milk_last_30d: 9
[2026-03-07T15:05:11.700+0000] {feature_engineering.py:443} WARNING - ⚠️ bought_fruits_last_14d пустой
[2026-03-07T15:05:13.418+0000] {feature_engineering.py:489} INFO - ✅ not_bought_veggies_14d: 88
[2026-03-07T15:05:13.947+0000] {feature_engineering.py:523} INFO - ✅ recurrent_buyer: 15
[2026-03-07T15:05:14.499+0000] {feature_engineering.py:559} INFO - ✅ inactive_14_30: 89
[2026-03-07T15:05:14.603+0000] {feature_engineering.py:591} INFO - ✅ new_customer: 89
[2026-03-07T15:05:15.077+0000] {feature_engineering.py:622} INFO - ✅ delivery_user: 79
[2026-03-07T15:05:16.240+0000] {feature_engineering.py:655} INFO - ✅ organic_preference: 88
[2026-03-07T15:05:16.722+0000] {feature_engineering.py:700} INFO - ✅ avg_basket: 89
[2026-03-07T15:05:17.862+0000] {feature_engineering.py:738} INFO - ✅ buys_bakery: 59
[2026-03-07T15:05:18.579+0000] {feature_engineering.py:771} INFO - ✅ loyal_customer: 89
[2026-03-07T15:05:21.110+0000] {feature_engineering.py:819} INFO - ✅ multicity_buyer: 89
[2026-03-07T15:05:21.333+0000] {feature_engineering.py:845} WARNING - ⚠️ bought_meat_last_week пустой
[2026-03-07T15:05:21.917+0000] {feature_engineering.py:912} INFO - ✅ time_pref: 89
[2026-03-07T15:05:22.442+0000] {feature_engineering.py:973} INFO - ✅ pay_pref: 89
[2026-03-07T15:05:22.904+0000] {feature_engineering.py:1021} INFO - ✅ weekend_pref: 89
[2026-03-07T15:05:23.856+0000] {feature_engineering.py:1075} INFO - ✅ single_item_buyer: 89
[2026-03-07T15:05:24.917+0000] {feature_engineering.py:1108} INFO - ✅ varied_shopper: 89
[2026-03-07T15:05:25.366+0000] {feature_engineering.py:1150} INFO - ✅ store_loyalty: 85
[2026-03-07T15:05:26.461+0000] {feature_engineering.py:1188} INFO - ✅ family_shopper: 89
[2026-03-07T15:05:26.558+0000] {feature_engineering.py:1214} WARNING - ⚠️ early_bird пустой
[2026-03-07T15:05:26.833+0000] {feature_engineering.py:1240} WARNING - ⚠️ no_purchases пустой
[2026-03-07T15:05:26.917+0000] {feature_engineering.py:1274} WARNING - ⚠️ recent_high_spender пустой
[2026-03-07T15:05:28.062+0000] {feature_engineering.py:1317} INFO - ✅ fruit_lover: 7
[2026-03-07T15:05:29.157+0000] {feature_engineering.py:1358} INFO - ✅ vegetarian_profile: 49
[2026-03-07T15:05:29.158+0000] {feature_engineering.py:1364} INFO - Собираем всё в один DataFrame
[2026-03-07T15:05:31.667+0000] {feature_engineering.py:1429} INFO - Всего признаков рассчитано: 30
[2026-03-07T15:07:13.341+0000] {feature_engineering.py:1430} INFO - Клиентов с признаками: 89
[2026-03-07T15:07:13.430+0000] {logging_mixin.py:188} INFO - root
 |-- customer_id: string (nullable = true)
 |-- bought_milk_last_30d: integer (nullable = false)
 |-- bought_fruits_last_14d: integer (nullable = false)
 |-- not_bought_veggies_14d: integer (nullable = false)
 |-- recurrent_buyer: integer (nullable = false)
 |-- inactive_14_30: integer (nullable = false)
 |-- new_customer: integer (nullable = false)
 |-- delivery_user: integer (nullable = false)
 |-- organic_preference: integer (nullable = false)
 |-- bulk_buyer: integer (nullable = false)
 |-- low_cost_buyer: integer (nullable = false)
 |-- buys_bakery: integer (nullable = false)
 |-- loyal_customer: integer (nullable = false)
 |-- multicity_buyer: integer (nullable = false)
 |-- bought_meat_last_week: integer (nullable = false)
 |-- night_shopper: integer (nullable = false)
 |-- morning_shopper: integer (nullable = false)
 |-- prefers_cash: integer (nullable = false)
 |-- prefers_card: integer (nullable = false)
 |-- weekend_shopper: integer (nullable = false)
 |-- weekday_shopper: integer (nullable = false)
 |-- single_item_buyer: integer (nullable = false)
 |-- varied_shopper: integer (nullable = false)
 |-- store_loyal: integer (nullable = false)
 |-- switching_store: integer (nullable = false)
 |-- family_shopper: integer (nullable = false)
 |-- early_bird: integer (nullable = false)
 |-- no_purchases: integer (nullable = false)
 |-- recent_high_spender: integer (nullable = false)
 |-- fruit_lover: integer (nullable = false)
 |-- vegetarian_profile: integer (nullable = false)
[2026-03-07T15:07:14.518+0000] {logging_mixin.py:188} INFO - +-----------+--------------------+----------------------+----------------------+---------------+--------------+------------+-------------+------------------+----------+--------------+-----------+--------------+---------------+---------------------+-------------+---------------+------------+------------+---------------+---------------+-----------------+--------------+-----------+---------------+--------------+----------+------------+-------------------+-----------+------------------+
|customer_id|bought_milk_last_30d|bought_fruits_last_14d|not_bought_veggies_14d|recurrent_buyer|inactive_14_30|new_customer|delivery_user|organic_preference|bulk_buyer|low_cost_buyer|buys_bakery|loyal_customer|multicity_buyer|bought_meat_last_week|night_shopper|morning_shopper|prefers_cash|prefers_card|weekend_shopper|weekday_shopper|single_item_buyer|varied_shopper|store_loyal|switching_store|family_shopper|early_bird|no_purchases|recent_high_spender|fruit_lover|vegetarian_profile|
+-----------+--------------------+----------------------+----------------------+---------------+--------------+------------+-------------+------------------+----------+--------------+-----------+--------------+---------------+---------------------+-------------+---------------+------------+------------+---------------+---------------+-----------------+--------------+-----------+---------------+--------------+----------+------------+-------------------+-----------+------------------+
|cus-102051 |0                   |0                     |0                     |0              |0             |0           |0            |0                 |0         |0             |0          |0             |0              |0                    |0            |0              |0           |0           |0              |0              |0                |0             |0          |0              |0             |0         |0           |0                  |0          |0                 |
|cus-102008 |1                   |0                     |1                     |0              |1             |0           |1            |1                 |1         |0             |1          |1             |0              |0                    |0            |0              |0           |0           |0              |1              |0                |1             |0          |1              |0             |0         |0           |0                  |0          |1                 |
|cus-102019 |0                   |0                     |1                     |0              |0             |0           |0            |1                 |1         |0             |1          |1             |0              |0                    |0            |0              |0           |0           |0              |1              |0                |1             |1          |0              |0             |0         |0           |0                  |0          |1                 |
|cus-102039 |0                   |0                     |1                     |0              |0             |0           |1            |1                 |1         |0             |1          |1             |0              |0                    |0            |0              |0           |0           |0              |0              |0                |1             |1          |0              |0             |0         |0           |0                  |0          |0                 |
|cus-102081 |0                   |0                     |1                     |0              |0             |0           |0            |1                 |0         |0             |1          |1             |0              |0                    |0            |0              |0           |0           |0              |1              |0                |1             |1          |0              |0             |0         |0           |0                  |0          |0                 |
+-----------+--------------------+----------------------+----------------------+---------------+--------------+------------+-------------+------------------+----------+--------------+-----------+--------------+---------------+---------------------+-------------+---------------+------------+------------+---------------+---------------+-----------------+--------------+-----------+---------------+--------------+----------+------------+-------------------+-----------+------------------+
only showing top 5 rows
[2026-03-07T15:07:14.525+0000] {s3_writer.py:73} INFO - 🔍 Проверка подключения к S3 Selectel...
[2026-03-07T15:07:14.526+0000] {s3_writer.py:74} INFO - 📌 Endpoint: https://s3.ru-7.storage.selcloud.ru
[2026-03-07T15:07:14.526+0000] {s3_writer.py:75} INFO - 📌 Bucket: reports-for-customer
[2026-03-07T15:07:14.526+0000] {s3_writer.py:76} INFO - 📌 Регион: ru-7
[2026-03-07T15:07:14.887+0000] {s3_writer.py:80} INFO - ✅ Бакет 'reports-for-customer' доступен
[2026-03-07T15:07:14.888+0000] {s3_writer.py:81} INFO - ✅ Подключение к S3 Selectel успешно!
[2026-03-07T15:07:14.889+0000] {s3_writer.py:169} INFO - 💾 Запись во временный файл: /tmp/tmpa9s7j6ux/analytic_result_2026_03_07.csv
[2026-03-07T15:07:17.248+0000] {s3_writer.py:196} INFO - 📤 Загрузка в S3: analytics/analytic_result_2026_03_07.csv
[2026-03-07T15:07:17.277+0000] {s3_writer.py:203} INFO - ✅ Файл сохранён: s3a://reports-for-customer/analytics/analytic_result_2026_03_07.csv
[2026-03-07T15:07:17.278+0000] {pyspark_etl.py:145} INFO - ✅ ETL завершён. Файл: s3a://reports-for-customer/analytics/analytic_result_2026_03_07.csv
[2026-03-07T15:07:19.232+0000] {python.py:237} INFO - Done. Returned value was: None
[2026-03-07T15:07:19.233+0000] {taskinstance.py:441} INFO - ::group::Post task execution logs
[2026-03-07T15:07:19.242+0000] {taskinstance.py:1206} INFO - Marking task as SUCCESS. dag_id=pipeline_retail_data, task_id=spark_etl_task_to_s3, run_id=manual__2026-03-07T14:59:27.042355+00:00, execution_date=20260307T145927, start_date=20260307T150448, end_date=20260307T150719
[2026-03-07T15:07:19.294+0000] {local_task_job_runner.py:240} INFO - Task exited with return code 0
[2026-03-07T15:07:19.308+0000] {taskinstance.py:3503} INFO - 0 downstream tasks scheduled from follow-on schedule check
[2026-03-07T15:07:19.310+0000] {local_task_job_runner.py:222} INFO - ::endgroup::
