[2026-03-07T14:59:37.198+0000] {local_task_job_runner.py:120} INFO - ::group::Pre task execution logs
[2026-03-07T14:59:37.216+0000] {taskinstance.py:2076} INFO - Dependencies all met for dep_context=non-requeueable deps ti=<TaskInstance: pipeline_retail_data.transfer_mongo_to_kafka manual__2026-03-07T14:59:27.042355+00:00 [queued]>
[2026-03-07T14:59:37.222+0000] {taskinstance.py:2076} INFO - Dependencies all met for dep_context=requeueable deps ti=<TaskInstance: pipeline_retail_data.transfer_mongo_to_kafka manual__2026-03-07T14:59:27.042355+00:00 [queued]>
[2026-03-07T14:59:37.222+0000] {taskinstance.py:2306} INFO - Starting attempt 1 of 4
[2026-03-07T14:59:37.234+0000] {taskinstance.py:2330} INFO - Executing <Task(PythonOperator): transfer_mongo_to_kafka> on 2026-03-07 14:59:27.042355+00:00
[2026-03-07T14:59:37.239+0000] {standard_task_runner.py:63} INFO - Started process 1787 to run task
[2026-03-07T14:59:37.242+0000] {standard_task_runner.py:90} INFO - Running: ['***', 'tasks', 'run', 'pipeline_retail_data', 'transfer_mongo_to_kafka', 'manual__2026-03-07T14:59:27.042355+00:00', '--job-id', '82', '--raw', '--subdir', 'DAGS_FOLDER/pipeline_retail_data.py', '--cfg-path', '/tmp/tmp1jsagxxc']
[2026-03-07T14:59:37.243+0000] {standard_task_runner.py:91} INFO - Job 82: Subtask transfer_mongo_to_kafka
[2026-03-07T14:59:37.287+0000] {task_command.py:426} INFO - Running <TaskInstance: pipeline_retail_data.transfer_mongo_to_kafka manual__2026-03-07T14:59:27.042355+00:00 [running]> on host d92a1596ce2a
[2026-03-07T14:59:37.363+0000] {taskinstance.py:2648} INFO - Exporting env vars: AIRFLOW_CTX_DAG_OWNER='***' AIRFLOW_CTX_DAG_ID='pipeline_retail_data' AIRFLOW_CTX_TASK_ID='transfer_mongo_to_kafka' AIRFLOW_CTX_EXECUTION_DATE='2026-03-07T14:59:27.042355+00:00' AIRFLOW_CTX_TRY_NUMBER='1' AIRFLOW_CTX_DAG_RUN_ID='manual__2026-03-07T14:59:27.042355+00:00'
[2026-03-07T14:59:37.365+0000] {taskinstance.py:430} INFO - ::endgroup::
[2026-03-07T14:59:37.375+0000] {logging_mixin.py:188} INFO - 📦 Подключение к MongoDB (conn_id: mongodb_default)
[2026-03-07T14:59:37.384+0000] {base.py:84} INFO - Using connection ID 'mongodb_default' for task execution.
[2026-03-07T14:59:37.403+0000] {logging_mixin.py:188} INFO -    📌 Хост: mongodb:27017, БД: retail_data
[2026-03-07T14:59:37.404+0000] {logging_mixin.py:188} INFO - ✅ Подключение к MongoDB установлено
[2026-03-07T14:59:37.404+0000] {logging_mixin.py:188} INFO - 📨 Подключение к Kafka (conn_id: kafka_default)
[2026-03-07T14:59:37.410+0000] {base.py:84} INFO - Using connection ID 'kafka_default' for task execution.
[2026-03-07T14:59:37.413+0000] {logging_mixin.py:188} INFO -    📌 Kafka broker: kafka:29092
[2026-03-07T14:59:37.413+0000] {logging_mixin.py:188} INFO - ✅ Подключение к Kafka установлено
[2026-03-07T14:59:37.413+0000] {logging_mixin.py:188} INFO - 
📊 Начинаем перенос данных для топиков: ['products', 'stores', 'customers', 'purchases']
[2026-03-07T14:59:37.414+0000] {mongo_kafka_transfer.py:142} INFO - Начинаем перенос products
[2026-03-07T14:59:38.423+0000] {mongo_kafka_transfer.py:144} INFO - Завершен products: 116 документов
[2026-03-07T14:59:38.424+0000] {mongo_kafka_transfer.py:142} INFO - Начинаем перенос stores
[2026-03-07T14:59:39.417+0000] {mongo_kafka_transfer.py:144} INFO - Завершен stores: 45 документов
[2026-03-07T14:59:39.417+0000] {mongo_kafka_transfer.py:142} INFO - Начинаем перенос customers
[2026-03-07T14:59:40.418+0000] {mongo_kafka_transfer.py:144} INFO - Завершен customers: 89 документов
[2026-03-07T14:59:40.419+0000] {mongo_kafka_transfer.py:142} INFO - Начинаем перенос purchases
[2026-03-07T14:59:41.424+0000] {mongo_kafka_transfer.py:144} INFO - Завершен purchases: 500 документов
[2026-03-07T14:59:41.425+0000] {logging_mixin.py:188} INFO - 
==================================================
[2026-03-07T14:59:41.425+0000] {logging_mixin.py:188} INFO - ✅ ИТОГИ ПЕРЕНОСА:
[2026-03-07T14:59:41.425+0000] {logging_mixin.py:188} INFO - ==================================================
[2026-03-07T14:59:41.426+0000] {logging_mixin.py:188} INFO -    📍 products: 116 документов
[2026-03-07T14:59:41.426+0000] {logging_mixin.py:188} INFO -    📍 stores: 45 документов
[2026-03-07T14:59:41.427+0000] {logging_mixin.py:188} INFO -    📍 customers: 89 документов
[2026-03-07T14:59:41.427+0000] {logging_mixin.py:188} INFO -    📍 purchases: 500 документов
[2026-03-07T14:59:41.427+0000] {logging_mixin.py:188} INFO - ==================================================
[2026-03-07T14:59:41.428+0000] {logging_mixin.py:188} INFO - ✅ ВСЕГО: 750 документов
[2026-03-07T14:59:41.428+0000] {logging_mixin.py:188} INFO - ==================================================
[2026-03-07T14:59:41.429+0000] {logging_mixin.py:188} INFO - 🔒 Соединение с MongoDB закрыто
[2026-03-07T14:59:41.430+0000] {logging_mixin.py:188} INFO - 🔒 Kafka producer завершил работу
[2026-03-07T14:59:41.430+0000] {python.py:237} INFO - Done. Returned value was: {'products': 116, 'stores': 45, 'customers': 89, 'purchases': 500}
[2026-03-07T14:59:41.431+0000] {taskinstance.py:441} INFO - ::group::Post task execution logs
[2026-03-07T14:59:41.448+0000] {taskinstance.py:1206} INFO - Marking task as SUCCESS. dag_id=pipeline_retail_data, task_id=transfer_mongo_to_kafka, run_id=manual__2026-03-07T14:59:27.042355+00:00, execution_date=20260307T145927, start_date=20260307T145937, end_date=20260307T145941
[2026-03-07T14:59:41.469+0000] {local_task_job_runner.py:240} INFO - Task exited with return code 0
[2026-03-07T14:59:41.492+0000] {taskinstance.py:3503} INFO - 1 downstream tasks scheduled from follow-on schedule check
[2026-03-07T14:59:41.495+0000] {local_task_job_runner.py:222} INFO - ::endgroup::
