[2026-03-01T09:14:33.123+0000] {local_task_job_runner.py:120} INFO - ::group::Pre task execution logs
[2026-03-01T09:14:33.147+0000] {taskinstance.py:2076} INFO - Dependencies all met for dep_context=non-requeueable deps ti=<TaskInstance: pipeline_retail_data.load_mongo_task manual__2026-03-01T09:14:29.893568+00:00 [queued]>
[2026-03-01T09:14:33.153+0000] {taskinstance.py:2076} INFO - Dependencies all met for dep_context=requeueable deps ti=<TaskInstance: pipeline_retail_data.load_mongo_task manual__2026-03-01T09:14:29.893568+00:00 [queued]>
[2026-03-01T09:14:33.154+0000] {taskinstance.py:2306} INFO - Starting attempt 1 of 4
[2026-03-01T09:14:33.165+0000] {taskinstance.py:2330} INFO - Executing <Task(PythonOperator): load_mongo_task> on 2026-03-01 09:14:29.893568+00:00
[2026-03-01T09:14:33.169+0000] {standard_task_runner.py:63} INFO - Started process 1424 to run task
[2026-03-01T09:14:33.172+0000] {standard_task_runner.py:90} INFO - Running: ['***', 'tasks', 'run', 'pipeline_retail_data', 'load_mongo_task', 'manual__2026-03-01T09:14:29.893568+00:00', '--job-id', '58', '--raw', '--subdir', 'DAGS_FOLDER/pipeline_retail_data.py', '--cfg-path', '/tmp/tmpa24l7vm7']
[2026-03-01T09:14:33.173+0000] {standard_task_runner.py:91} INFO - Job 58: Subtask load_mongo_task
[2026-03-01T09:14:33.213+0000] {task_command.py:426} INFO - Running <TaskInstance: pipeline_retail_data.load_mongo_task manual__2026-03-01T09:14:29.893568+00:00 [running]> on host f16dd66b711b
[2026-03-01T09:14:33.299+0000] {taskinstance.py:2648} INFO - Exporting env vars: AIRFLOW_CTX_DAG_OWNER='***' AIRFLOW_CTX_DAG_ID='pipeline_retail_data' AIRFLOW_CTX_TASK_ID='load_mongo_task' AIRFLOW_CTX_EXECUTION_DATE='2026-03-01T09:14:29.893568+00:00' AIRFLOW_CTX_TRY_NUMBER='1' AIRFLOW_CTX_DAG_RUN_ID='manual__2026-03-01T09:14:29.893568+00:00'
[2026-03-01T09:14:33.300+0000] {taskinstance.py:430} INFO - ::endgroup::
[2026-03-01T09:14:33.310+0000] {mongo_tasks.py:27} INFO - ============================================================
[2026-03-01T09:14:33.311+0000] {mongo_tasks.py:28} INFO - 🚀 ЗАГРУЗКА ДАННЫХ В MONGODB
[2026-03-01T09:14:33.311+0000] {mongo_tasks.py:29} INFO - ============================================================
[2026-03-01T09:14:33.312+0000] {warnings.py:110} WARNING - /home/***/.local/lib/python3.11/site-packages/***/utils/context.py:320: AirflowContextDeprecationWarning: Accessing 'execution_date' from the template is deprecated and will be removed in a future version. Please use 'data_interval_start' or 'logical_date' instead.
  warnings.warn(_create_deprecation_warning(k, replacements))

[2026-03-01T09:14:33.313+0000] {mongo_tasks.py:32} INFO - 📅 Дата выполнения: 2026-03-01 09:14:29.893568+00:00
[2026-03-01T09:14:33.313+0000] {mongo_connector.py:81} INFO - 🔄 Подключение к MongoDB...
[2026-03-01T09:14:33.348+0000] {mongo_connector.py:92} INFO - ✅ Подключение успешно установлено
[2026-03-01T09:14:33.349+0000] {mongo_tasks.py:45} INFO - 
🧹 ОЧИСТКА КОЛЛЕКЦИЙ
[2026-03-01T09:14:33.350+0000] {load_to_mongo.py:84} INFO - 🧹 Коллекция 'stores' очищена (удалено 45 записей)
[2026-03-01T09:14:33.352+0000] {load_to_mongo.py:84} INFO - 🧹 Коллекция 'products' очищена (удалено 116 записей)
[2026-03-01T09:14:33.354+0000] {load_to_mongo.py:84} INFO - 🧹 Коллекция 'customers' очищена (удалено 89 записей)
[2026-03-01T09:14:33.359+0000] {load_to_mongo.py:84} INFO - 🧹 Коллекция 'purchases' очищена (удалено 500 записей)
[2026-03-01T09:14:33.359+0000] {mongo_tasks.py:49} INFO - 
📥 ЗАГРУЗКА ДАННЫХ
[2026-03-01T09:14:33.359+0000] {load_to_mongo.py:109} INFO - 
============================================================
[2026-03-01T09:14:33.360+0000] {load_to_mongo.py:110} INFO - 📦 Загрузка в коллекцию: stores
[2026-03-01T09:14:33.360+0000] {load_to_mongo.py:111} INFO - 📁 Директория: /opt/***/source_data/stores
[2026-03-01T09:14:33.360+0000] {load_to_mongo.py:112} INFO - ============================================================
[2026-03-01T09:14:33.363+0000] {load_to_mongo.py:47} INFO - 📁 Найдено 45 файлов в /opt/***/source_data/stores
[2026-03-01T09:14:33.456+0000] {load_to_mongo.py:75} INFO - ✅ Загружено 45 из 45 файлов
[2026-03-01T09:14:33.456+0000] {load_to_mongo.py:109} INFO - 
============================================================
[2026-03-01T09:14:33.457+0000] {load_to_mongo.py:110} INFO - 📦 Загрузка в коллекцию: products
[2026-03-01T09:14:33.457+0000] {load_to_mongo.py:111} INFO - 📁 Директория: /opt/***/source_data/products
[2026-03-01T09:14:33.457+0000] {load_to_mongo.py:112} INFO - ============================================================
[2026-03-01T09:14:33.459+0000] {load_to_mongo.py:47} INFO - 📁 Найдено 116 файлов в /opt/***/source_data/products
[2026-03-01T09:14:33.709+0000] {load_to_mongo.py:75} INFO - ✅ Загружено 116 из 116 файлов
[2026-03-01T09:14:33.709+0000] {load_to_mongo.py:109} INFO - 
============================================================
[2026-03-01T09:14:33.709+0000] {load_to_mongo.py:110} INFO - 📦 Загрузка в коллекцию: customers
[2026-03-01T09:14:33.710+0000] {load_to_mongo.py:111} INFO - 📁 Директория: /opt/***/source_data/customers
[2026-03-01T09:14:33.710+0000] {load_to_mongo.py:112} INFO - ============================================================
[2026-03-01T09:14:33.712+0000] {load_to_mongo.py:47} INFO - 📁 Найдено 89 файлов в /opt/***/source_data/customers
[2026-03-01T09:14:33.946+0000] {load_to_mongo.py:75} INFO - ✅ Загружено 89 из 89 файлов
[2026-03-01T09:14:33.946+0000] {load_to_mongo.py:109} INFO - 
============================================================
[2026-03-01T09:14:33.947+0000] {load_to_mongo.py:110} INFO - 📦 Загрузка в коллекцию: purchases
[2026-03-01T09:14:33.947+0000] {load_to_mongo.py:111} INFO - 📁 Директория: /opt/***/source_data/purchases
[2026-03-01T09:14:33.947+0000] {load_to_mongo.py:112} INFO - ============================================================
[2026-03-01T09:14:33.950+0000] {load_to_mongo.py:47} INFO - 📁 Найдено 500 файлов в /opt/***/source_data/purchases
[2026-03-01T09:14:35.239+0000] {load_to_mongo.py:75} INFO - ✅ Загружено 500 из 500 файлов
[2026-03-01T09:14:35.239+0000] {load_to_mongo.py:126} INFO - 
============================================================
[2026-03-01T09:14:35.240+0000] {load_to_mongo.py:127} INFO - 📊 ИТОГОВАЯ СТАТИСТИКА ЗАГРУЗКИ
[2026-03-01T09:14:35.240+0000] {load_to_mongo.py:128} INFO - ============================================================
[2026-03-01T09:14:35.240+0000] {load_to_mongo.py:132} INFO - 📦 stores: 45 файлов
[2026-03-01T09:14:35.240+0000] {load_to_mongo.py:132} INFO - 📦 products: 116 файлов
[2026-03-01T09:14:35.240+0000] {load_to_mongo.py:132} INFO - 📦 customers: 89 файлов
[2026-03-01T09:14:35.241+0000] {load_to_mongo.py:132} INFO - 📦 purchases: 500 файлов
[2026-03-01T09:14:35.241+0000] {load_to_mongo.py:135} INFO - ------------------------------------------------------------
[2026-03-01T09:14:35.241+0000] {load_to_mongo.py:136} INFO - ✅ ВСЕГО ЗАГРУЖЕНО: 750 файлов
[2026-03-01T09:14:35.241+0000] {load_to_mongo.py:137} INFO - ============================================================
[2026-03-01T09:14:35.242+0000] {mongo_tasks.py:56} INFO - ✅ Загрузка завершена! Всего файлов: 750
[2026-03-01T09:14:35.242+0000] {mongo_tasks.py:67} INFO - 🔌 Подключение к MongoDB закрыто
[2026-03-01T09:14:35.243+0000] {python.py:237} INFO - Done. Returned value was: {'total_files': 750}
[2026-03-01T09:14:35.243+0000] {taskinstance.py:441} INFO - ::group::Post task execution logs
[2026-03-01T09:14:35.411+0000] {taskinstance.py:1206} INFO - Marking task as SUCCESS. dag_id=pipeline_retail_data, task_id=load_mongo_task, run_id=manual__2026-03-01T09:14:29.893568+00:00, execution_date=20260301T091429, start_date=20260301T091433, end_date=20260301T091435
[2026-03-01T09:14:35.469+0000] {local_task_job_runner.py:240} INFO - Task exited with return code 0
[2026-03-01T09:14:35.492+0000] {taskinstance.py:3503} INFO - 1 downstream tasks scheduled from follow-on schedule check
[2026-03-01T09:14:35.494+0000] {local_task_job_runner.py:222} INFO - ::endgroup::
