2026-02-22 16:50:56 - generator - INFO - Логирование успешно инициализировано
2026-02-22 16:50:56 - generator - INFO - Все директории для данных успешно созданы
2026-02-22 16:50:56 - generator - INFO - Начало генерации магазинов
2026-02-22 16:50:56 - generator - INFO - Генерация сети 'Большая Пикча': 30 магазинов
2026-02-22 16:50:56 - generator - INFO - Генерация сети 'Маленькая Пикча': 15 магазинов
2026-02-22 16:50:56 - generator - INFO - ✓ Успешно сгенерировано магазинов: 45
2026-02-22 16:50:56 - generator - INFO - Начало генерации товаров
2026-02-22 16:50:56 - generator - INFO - Генерация товаров категории: 🥖 Зерновые и хлебобулочные изделия
2026-02-22 16:50:56 - generator - INFO - Генерация товаров категории: 🥩 Мясо, рыба, яйца и бобовые
2026-02-22 16:50:56 - generator - INFO - Генерация товаров категории: 🥛 Молочные продукты
2026-02-22 16:50:56 - generator - INFO - Генерация товаров категории: 🍏 Фрукты и ягоды
2026-02-22 16:50:56 - generator - INFO - Генерация товаров категории: 🥦 Овощи и зелень
2026-02-22 16:50:56 - generator - INFO - ✓ Успешно сгенерировано товаров: 116
2026-02-22 16:50:56 - generator - INFO - Начало генерации покупателей
2026-02-22 16:50:56 - generator - INFO - ✓ Успешно сгенерировано покупателей: 89
2026-02-22 16:50:56 - generator - INFO - Начало генерации покупок (цель: 500)
2026-02-22 16:50:56 - generator - INFO - Прогресс: создано 50 покупок
2026-02-22 16:50:56 - generator - INFO - Прогресс: создано 100 покупок
2026-02-22 16:50:56 - generator - INFO - Прогресс: создано 150 покупок
2026-02-22 16:50:56 - generator - INFO - Прогресс: создано 200 покупок
2026-02-22 16:50:56 - generator - INFO - Прогресс: создано 250 покупок
2026-02-22 16:50:56 - generator - INFO - Прогресс: создано 300 покупок
2026-02-22 16:50:56 - generator - INFO - Прогресс: создано 350 покупок
2026-02-22 16:50:56 - generator - INFO - Прогресс: создано 400 покупок
2026-02-22 16:50:56 - generator - INFO - Прогресс: создано 450 покупок
2026-02-22 16:50:56 - generator - INFO - Прогресс: создано 500 покупок
2026-02-22 16:50:56 - generator - INFO - ✓ Успешно сгенерировано покупок: 500
2026-02-22 16:50:56 - generator - INFO - === СТАТИСТИКА ГЕНЕРАЦИИ ===
2026-02-22 16:50:56 - generator - INFO - Магазины: 45 (Большая Пикча: 30, Маленькая Пикча: 15)
2026-02-22 16:50:56 - generator - INFO - Товары: 116
2026-02-22 16:50:56 - generator - INFO -   🥖 Зерновые и хлебобулочные изделия: 24 шт.
2026-02-22 16:50:56 - generator - INFO -   🥩 Мясо, рыба, яйца и бобовые: 23 шт.
2026-02-22 16:50:56 - generator - INFO -   🥛 Молочные продукты: 22 шт.
2026-02-22 16:50:56 - generator - INFO -   🍏 Фрукты и ягоды: 24 шт.
2026-02-22 16:50:56 - generator - INFO -   🥦 Овощи и зелень: 23 шт.
2026-02-22 16:50:56 - generator - INFO - Покупатели: 89
2026-02-22 16:50:56 - generator - INFO - Покупки: 500
2026-02-22 16:50:56 - generator - INFO - Города присутствия: 24
2026-02-22 16:50:56 - generator - INFO - Первые 10 городов: ['Тольятти', 'Хабаровск', 'Омск', 'Ульяновск', 'Воронеж', 'Саратов', 'Тюмень', 'Санкт-Петербург', 'Краснодар', 'Уфа']
2026-02-22 16:50:56 - generator - INFO - Статистика сохранена в файл: D:\DE\DE_store_data_analysis\data\generation_stats.json
2026-02-22 16:50:56 - generator - INFO - ============================================================
2026-02-22 16:50:56 - generator - INFO - ГЕНЕРАЦИЯ ЗАВЕРШЕНА ЗА 0.41 СЕКУНД
2026-02-22 16:50:56 - generator - INFO - ============================================================
