[2026-03-01T09:14:31.130+0000] {local_task_job_runner.py:120} INFO - ::group::Pre task execution logs
[2026-03-01T09:14:31.157+0000] {taskinstance.py:2076} INFO - Dependencies all met for dep_context=non-requeueable deps ti=<TaskInstance: pipeline_retail_data.check_kafka manual__2026-03-01T09:14:29.893568+00:00 [queued]>
[2026-03-01T09:14:31.166+0000] {taskinstance.py:2076} INFO - Dependencies all met for dep_context=requeueable deps ti=<TaskInstance: pipeline_retail_data.check_kafka manual__2026-03-01T09:14:29.893568+00:00 [queued]>
[2026-03-01T09:14:31.167+0000] {taskinstance.py:2306} INFO - Starting attempt 1 of 4
[2026-03-01T09:14:31.183+0000] {taskinstance.py:2330} INFO - Executing <Task(PythonOperator): check_kafka> on 2026-03-01 09:14:29.893568+00:00
[2026-03-01T09:14:31.190+0000] {standard_task_runner.py:63} INFO - Started process 1414 to run task
[2026-03-01T09:14:31.196+0000] {standard_task_runner.py:90} INFO - Running: ['***', 'tasks', 'run', 'pipeline_retail_data', 'check_kafka', 'manual__2026-03-01T09:14:29.893568+00:00', '--job-id', '57', '--raw', '--subdir', 'DAGS_FOLDER/pipeline_retail_data.py', '--cfg-path', '/tmp/tmpvaeq4all']
[2026-03-01T09:14:31.198+0000] {standard_task_runner.py:91} INFO - Job 57: Subtask check_kafka
[2026-03-01T09:14:31.257+0000] {task_command.py:426} INFO - Running <TaskInstance: pipeline_retail_data.check_kafka manual__2026-03-01T09:14:29.893568+00:00 [running]> on host f16dd66b711b
[2026-03-01T09:14:31.339+0000] {taskinstance.py:2648} INFO - Exporting env vars: AIRFLOW_CTX_DAG_OWNER='***' AIRFLOW_CTX_DAG_ID='pipeline_retail_data' AIRFLOW_CTX_TASK_ID='check_kafka' AIRFLOW_CTX_EXECUTION_DATE='2026-03-01T09:14:29.893568+00:00' AIRFLOW_CTX_TRY_NUMBER='1' AIRFLOW_CTX_DAG_RUN_ID='manual__2026-03-01T09:14:29.893568+00:00'
[2026-03-01T09:14:31.341+0000] {taskinstance.py:430} INFO - ::endgroup::
[2026-03-01T09:14:31.361+0000] {base.py:84} INFO - Using connection ID 'kafka_default' for task execution.
[2026-03-01T09:14:31.362+0000] {logging_mixin.py:188} INFO - 📨 Kafka broker: kafka:29092
[2026-03-01T09:14:31.362+0000] {logging_mixin.py:188} INFO - 📋 Kafka connection ID: kafka_default
[2026-03-01T09:14:31.374+0000] {logging_mixin.py:188} INFO - ✅ Kafka доступна. Найдено топиков: 5
[2026-03-01T09:14:31.374+0000] {python.py:237} INFO - Done. Returned value was: True
[2026-03-01T09:14:31.376+0000] {taskinstance.py:441} INFO - ::group::Post task execution logs
[2026-03-01T09:14:31.594+0000] {taskinstance.py:1206} INFO - Marking task as SUCCESS. dag_id=pipeline_retail_data, task_id=check_kafka, run_id=manual__2026-03-01T09:14:29.893568+00:00, execution_date=20260301T091429, start_date=20260301T091431, end_date=20260301T091431
[2026-03-01T09:14:31.649+0000] {local_task_job_runner.py:240} INFO - Task exited with return code 0
[2026-03-01T09:14:31.673+0000] {taskinstance.py:3503} INFO - 1 downstream tasks scheduled from follow-on schedule check
[2026-03-01T09:14:31.675+0000] {local_task_job_runner.py:222} INFO - ::endgroup::
