[2026-03-01T09:14:39.703+0000] {local_task_job_runner.py:120} INFO - ::group::Pre task execution logs
[2026-03-01T09:14:39.723+0000] {taskinstance.py:2076} INFO - Dependencies all met for dep_context=non-requeueable deps ti=<TaskInstance: pipeline_retail_data.transfer_mongo_to_kafka manual__2026-03-01T09:14:29.893568+00:00 [queued]>
[2026-03-01T09:14:39.731+0000] {taskinstance.py:2076} INFO - Dependencies all met for dep_context=requeueable deps ti=<TaskInstance: pipeline_retail_data.transfer_mongo_to_kafka manual__2026-03-01T09:14:29.893568+00:00 [queued]>
[2026-03-01T09:14:39.731+0000] {taskinstance.py:2306} INFO - Starting attempt 1 of 4
[2026-03-01T09:14:39.744+0000] {taskinstance.py:2330} INFO - Executing <Task(PythonOperator): transfer_mongo_to_kafka> on 2026-03-01 09:14:29.893568+00:00
[2026-03-01T09:14:39.749+0000] {standard_task_runner.py:63} INFO - Started process 1434 to run task
[2026-03-01T09:14:39.753+0000] {standard_task_runner.py:90} INFO - Running: ['***', 'tasks', 'run', 'pipeline_retail_data', 'transfer_mongo_to_kafka', 'manual__2026-03-01T09:14:29.893568+00:00', '--job-id', '60', '--raw', '--subdir', 'DAGS_FOLDER/pipeline_retail_data.py', '--cfg-path', '/tmp/tmpss965ofh']
[2026-03-01T09:14:39.754+0000] {standard_task_runner.py:91} INFO - Job 60: Subtask transfer_mongo_to_kafka
[2026-03-01T09:14:39.797+0000] {task_command.py:426} INFO - Running <TaskInstance: pipeline_retail_data.transfer_mongo_to_kafka manual__2026-03-01T09:14:29.893568+00:00 [running]> on host f16dd66b711b
[2026-03-01T09:14:39.876+0000] {taskinstance.py:2648} INFO - Exporting env vars: AIRFLOW_CTX_DAG_OWNER='***' AIRFLOW_CTX_DAG_ID='pipeline_retail_data' AIRFLOW_CTX_TASK_ID='transfer_mongo_to_kafka' AIRFLOW_CTX_EXECUTION_DATE='2026-03-01T09:14:29.893568+00:00' AIRFLOW_CTX_TRY_NUMBER='1' AIRFLOW_CTX_DAG_RUN_ID='manual__2026-03-01T09:14:29.893568+00:00'
[2026-03-01T09:14:39.877+0000] {taskinstance.py:430} INFO - ::endgroup::
[2026-03-01T09:14:39.888+0000] {logging_mixin.py:188} INFO - 📦 Подключение к MongoDB (conn_id: mongodb_default)
[2026-03-01T09:14:39.897+0000] {base.py:84} INFO - Using connection ID 'mongodb_default' for task execution.
[2026-03-01T09:14:39.916+0000] {logging_mixin.py:188} INFO -    📌 Хост: mongodb:27017, БД: retail_data
[2026-03-01T09:14:39.917+0000] {logging_mixin.py:188} INFO - ✅ Подключение к MongoDB установлено
[2026-03-01T09:14:39.918+0000] {logging_mixin.py:188} INFO - 📨 Подключение к Kafka (conn_id: kafka_default)
[2026-03-01T09:14:39.924+0000] {base.py:84} INFO - Using connection ID 'kafka_default' for task execution.
[2026-03-01T09:14:39.926+0000] {logging_mixin.py:188} INFO -    📌 Kafka broker: kafka:29092
[2026-03-01T09:14:39.927+0000] {logging_mixin.py:188} INFO - ✅ Подключение к Kafka установлено
[2026-03-01T09:14:39.927+0000] {logging_mixin.py:188} INFO - 
📊 Начинаем перенос данных для топиков: ['products', 'stores', 'customers', 'purchases']
[2026-03-01T09:14:39.927+0000] {mongo_kafka_transfer.py:133} INFO - Начинаем перенос products
[2026-03-01T09:14:40.929+0000] {mongo_kafka_transfer.py:135} INFO - Завершен products: 116 документов
[2026-03-01T09:14:40.929+0000] {mongo_kafka_transfer.py:133} INFO - Начинаем перенос stores
[2026-03-01T09:14:41.930+0000] {mongo_kafka_transfer.py:135} INFO - Завершен stores: 45 документов
[2026-03-01T09:14:41.930+0000] {mongo_kafka_transfer.py:133} INFO - Начинаем перенос customers
[2026-03-01T09:14:42.930+0000] {mongo_kafka_transfer.py:135} INFO - Завершен customers: 89 документов
[2026-03-01T09:14:42.931+0000] {mongo_kafka_transfer.py:133} INFO - Начинаем перенос purchases
[2026-03-01T09:14:43.936+0000] {mongo_kafka_transfer.py:135} INFO - Завершен purchases: 500 документов
[2026-03-01T09:14:43.937+0000] {logging_mixin.py:188} INFO - 
==================================================
[2026-03-01T09:14:43.937+0000] {logging_mixin.py:188} INFO - ✅ ИТОГИ ПЕРЕНОСА:
[2026-03-01T09:14:43.937+0000] {logging_mixin.py:188} INFO - ==================================================
[2026-03-01T09:14:43.938+0000] {logging_mixin.py:188} INFO -    📍 products: 116 документов
[2026-03-01T09:14:43.938+0000] {logging_mixin.py:188} INFO -    📍 stores: 45 документов
[2026-03-01T09:14:43.938+0000] {logging_mixin.py:188} INFO -    📍 customers: 89 документов
[2026-03-01T09:14:43.939+0000] {logging_mixin.py:188} INFO -    📍 purchases: 500 документов
[2026-03-01T09:14:43.939+0000] {logging_mixin.py:188} INFO - ==================================================
[2026-03-01T09:14:43.939+0000] {logging_mixin.py:188} INFO - ✅ ВСЕГО: 750 документов
[2026-03-01T09:14:43.940+0000] {logging_mixin.py:188} INFO - ==================================================
[2026-03-01T09:14:43.941+0000] {logging_mixin.py:188} INFO - 🔒 Соединение с MongoDB закрыто
[2026-03-01T09:14:43.941+0000] {logging_mixin.py:188} INFO - 🔒 Kafka producer завершил работу
[2026-03-01T09:14:43.941+0000] {python.py:237} INFO - Done. Returned value was: {'products': 116, 'stores': 45, 'customers': 89, 'purchases': 500}
[2026-03-01T09:14:43.942+0000] {taskinstance.py:441} INFO - ::group::Post task execution logs
[2026-03-01T09:14:43.959+0000] {taskinstance.py:1206} INFO - Marking task as SUCCESS. dag_id=pipeline_retail_data, task_id=transfer_mongo_to_kafka, run_id=manual__2026-03-01T09:14:29.893568+00:00, execution_date=20260301T091429, start_date=20260301T091439, end_date=20260301T091443
[2026-03-01T09:14:43.979+0000] {local_task_job_runner.py:240} INFO - Task exited with return code 0
[2026-03-01T09:14:44.000+0000] {taskinstance.py:3503} INFO - 1 downstream tasks scheduled from follow-on schedule check
[2026-03-01T09:14:44.002+0000] {local_task_job_runner.py:222} INFO - ::endgroup::
