DAG File Processing Stats

File Path                                  PID    Runtime      # DAGs    # Errors  Last Runtime    Last Run
-----------------------------------------  -----  ---------  --------  ----------  --------------  -------------------
/opt/airflow/dags/pipeline_retail_data.py                           1           0  0.59s           2026-03-01T14:39:22
================================================================================
[2026-03-01T14:40:12.674+0000] {manager.py:737} INFO - Searching for files in /opt/airflow/dags
[2026-03-01T14:40:12.691+0000] {manager.py:740} INFO - There are 1 files in /opt/airflow/dags
[2026-03-01T14:40:15.711+0000] {manager.py:878} INFO - 
================================================================================
DAG File Processing Stats

File Path                                  PID    Runtime      # DAGs    # Errors  Last Runtime    Last Run
-----------------------------------------  -----  ---------  --------  ----------  --------------  -------------------
/opt/airflow/dags/pipeline_retail_data.py                           1           0  0.57s           2026-03-01T14:39:53
================================================================================
[2026-03-01T14:40:46.040+0000] {manager.py:878} INFO - 
================================================================================
DAG File Processing Stats

File Path                                  PID    Runtime      # DAGs    # Errors  Last Runtime    Last Run
-----------------------------------------  -----  ---------  --------  ----------  --------------  -------------------
/opt/airflow/dags/pipeline_retail_data.py                           1           0  0.65s           2026-03-01T14:40:24
================================================================================
[2026-03-01T14:41:16.730+0000] {manager.py:878} INFO - 
================================================================================
DAG File Processing Stats

File Path                                  PID    Runtime      # DAGs    # Errors  Last Runtime    Last Run
-----------------------------------------  -----  ---------  --------  ----------  --------------  -------------------
/opt/airflow/dags/pipeline_retail_data.py                           1           0  0.58s           2026-03-01T14:40:55
================================================================================
[2026-03-01T14:41:46.794+0000] {manager.py:878} INFO - 
================================================================================
DAG File Processing Stats

File Path                                  PID    Runtime      # DAGs    # Errors  Last Runtime    Last Run
-----------------------------------------  -----  ---------  --------  ----------  --------------  -------------------
/opt/airflow/dags/pipeline_retail_data.py                           1           0  0.58s           2026-03-01T14:41:26
================================================================================
[2026-03-01T14:42:17.062+0000] {manager.py:878} INFO - 
================================================================================
DAG File Processing Stats

File Path                                  PID    Runtime      # DAGs    # Errors  Last Runtime    Last Run
-----------------------------------------  -----  ---------  --------  ----------  --------------  -------------------
/opt/airflow/dags/pipeline_retail_data.py                           1           0  0.59s           2026-03-01T14:41:57
================================================================================
[2026-03-01T14:42:47.296+0000] {manager.py:878} INFO - 
================================================================================
DAG File Processing Stats

File Path                                  PID    Runtime      # DAGs    # Errors  Last Runtime    Last Run
-----------------------------------------  -----  ---------  --------  ----------  --------------  -------------------
/opt/airflow/dags/pipeline_retail_data.py                           1           0  0.56s           2026-03-01T14:42:27
================================================================================
[2026-03-01T14:43:17.521+0000] {manager.py:878} INFO - 
================================================================================
DAG File Processing Stats

File Path                                  PID    Runtime      # DAGs    # Errors  Last Runtime    Last Run
-----------------------------------------  -----  ---------  --------  ----------  --------------  -------------------
/opt/airflow/dags/pipeline_retail_data.py                           1           0  0.57s           2026-03-01T14:42:58
================================================================================
[2026-03-01T14:43:47.871+0000] {manager.py:878} INFO - 
================================================================================
DAG File Processing Stats

File Path                                  PID    Runtime      # DAGs    # Errors  Last Runtime    Last Run
-----------------------------------------  -----  ---------  --------  ----------  --------------  -------------------
/opt/airflow/dags/pipeline_retail_data.py                           1           0  0.58s           2026-03-01T14:43:29
================================================================================
[2026-03-01T14:44:18.114+0000] {manager.py:878} INFO - 
================================================================================
DAG File Processing Stats

File Path                                  PID    Runtime      # DAGs    # Errors  Last Runtime    Last Run
-----------------------------------------  -----  ---------  --------  ----------  --------------  -------------------
/opt/airflow/dags/pipeline_retail_data.py                           1           0  0.56s           2026-03-01T14:44:00
================================================================================
[2026-03-01T14:44:48.354+0000] {manager.py:878} INFO - 
================================================================================
DAG File Processing Stats

File Path                                  PID    Runtime      # DAGs    # Errors  Last Runtime    Last Run
-----------------------------------------  -----  ---------  --------  ----------  --------------  -------------------
/opt/airflow/dags/pipeline_retail_data.py                           1           0  0.74s           2026-03-01T14:44:31
================================================================================
[2026-03-01T14:45:12.912+0000] {manager.py:737} INFO - Searching for files in /opt/airflow/dags
[2026-03-01T14:45:12.927+0000] {manager.py:740} INFO - There are 1 files in /opt/airflow/dags
[2026-03-01T14:45:18.565+0000] {manager.py:878} INFO - 
================================================================================
DAG File Processing Stats

File Path                                  PID    Runtime      # DAGs    # Errors  Last Runtime    Last Run
-----------------------------------------  -----  ---------  --------  ----------  --------------  -------------------
/opt/airflow/dags/pipeline_retail_data.py                           1           0  0.62s           2026-03-01T14:45:01
================================================================================
[2026-03-01T14:45:48.764+0000] {manager.py:878} INFO - 
================================================================================
DAG File Processing Stats

File Path                                  PID    Runtime      # DAGs    # Errors  Last Runtime    Last Run
-----------------------------------------  -----  ---------  --------  ----------  --------------  -------------------
/opt/airflow/dags/pipeline_retail_data.py                           1           0  0.59s           2026-03-01T14:45:32
================================================================================
[2026-03-01T14:46:19.830+0000] {manager.py:878} INFO - 
================================================================================
DAG File Processing Stats

File Path                                  PID    Runtime      # DAGs    # Errors  Last Runtime    Last Run
-----------------------------------------  -----  ---------  --------  ----------  --------------  -------------------
/opt/airflow/dags/pipeline_retail_data.py                           1           0  0.56s           2026-03-01T14:46:03
================================================================================
[2026-03-01T14:46:49.669+0000] {manager.py:878} INFO - 
================================================================================
DAG File Processing Stats

File Path                                  PID    Runtime      # DAGs    # Errors  Last Runtime    Last Run
-----------------------------------------  -----  ---------  --------  ----------  --------------  -------------------
/opt/airflow/dags/pipeline_retail_data.py                           1           0  0.59s           2026-03-01T14:46:34
================================================================================
[2026-03-01T14:47:19.881+0000] {manager.py:878} INFO - 
================================================================================
DAG File Processing Stats

File Path                                  PID    Runtime      # DAGs    # Errors  Last Runtime    Last Run
-----------------------------------------  -----  ---------  --------  ----------  --------------  -------------------
/opt/airflow/dags/pipeline_retail_data.py                           1           0  0.57s           2026-03-01T14:47:04
================================================================================
