[2026-03-01T09:19:48.394+0000] {local_task_job_runner.py:120} INFO - ::group::Pre task execution logs
[2026-03-01T09:19:48.414+0000] {taskinstance.py:2076} INFO - Dependencies all met for dep_context=non-requeueable deps ti=<TaskInstance: pipeline_retail_data.spark_etl_task manual__2026-03-01T09:14:29.893568+00:00 [queued]>
[2026-03-01T09:19:48.421+0000] {taskinstance.py:2076} INFO - Dependencies all met for dep_context=requeueable deps ti=<TaskInstance: pipeline_retail_data.spark_etl_task manual__2026-03-01T09:14:29.893568+00:00 [queued]>
[2026-03-01T09:19:48.422+0000] {taskinstance.py:2306} INFO - Starting attempt 1 of 4
[2026-03-01T09:19:48.433+0000] {taskinstance.py:2330} INFO - Executing <Task(PythonOperator): spark_etl_task> on 2026-03-01 09:14:29.893568+00:00
[2026-03-01T09:19:48.439+0000] {standard_task_runner.py:63} INFO - Started process 1514 to run task
[2026-03-01T09:19:48.442+0000] {standard_task_runner.py:90} INFO - Running: ['***', 'tasks', 'run', 'pipeline_retail_data', 'spark_etl_task', 'manual__2026-03-01T09:14:29.893568+00:00', '--job-id', '63', '--raw', '--subdir', 'DAGS_FOLDER/pipeline_retail_data.py', '--cfg-path', '/tmp/tmp5rpv95uf']
[2026-03-01T09:19:48.444+0000] {standard_task_runner.py:91} INFO - Job 63: Subtask spark_etl_task
[2026-03-01T09:19:48.498+0000] {task_command.py:426} INFO - Running <TaskInstance: pipeline_retail_data.spark_etl_task manual__2026-03-01T09:14:29.893568+00:00 [running]> on host f16dd66b711b
[2026-03-01T09:19:48.587+0000] {taskinstance.py:2648} INFO - Exporting env vars: AIRFLOW_CTX_DAG_OWNER='***' AIRFLOW_CTX_DAG_ID='pipeline_retail_data' AIRFLOW_CTX_TASK_ID='spark_etl_task' AIRFLOW_CTX_EXECUTION_DATE='2026-03-01T09:14:29.893568+00:00' AIRFLOW_CTX_TRY_NUMBER='1' AIRFLOW_CTX_DAG_RUN_ID='manual__2026-03-01T09:14:29.893568+00:00'
[2026-03-01T09:19:48.589+0000] {taskinstance.py:430} INFO - ::endgroup::
[2026-03-01T09:19:48.600+0000] {pyspark_etl.py:50} INFO - 🚀 Запуск ETL для признаков покупателей
[2026-03-01T09:19:53.596+0000] {pyspark_etl.py:78} INFO - 🔍 Проверка подключения к S3 Selectel...
[2026-03-01T09:19:53.839+0000] {s3_writer.py:73} INFO - 🔍 Проверка подключения к S3 Selectel...
[2026-03-01T09:19:53.839+0000] {s3_writer.py:74} INFO - 📌 Endpoint: https://s3.ru-7.storage.selcloud.ru
[2026-03-01T09:19:53.840+0000] {s3_writer.py:75} INFO - 📌 Bucket: reports-for-customer
[2026-03-01T09:19:53.840+0000] {s3_writer.py:76} INFO - 📌 Регион: ru-7
[2026-03-01T09:19:54.156+0000] {s3_writer.py:80} INFO - ✅ Бакет 'reports-for-customer' доступен
[2026-03-01T09:19:54.157+0000] {s3_writer.py:81} INFO - ✅ Подключение к S3 Selectel успешно!
[2026-03-01T09:19:54.158+0000] {pyspark_etl.py:86} INFO - ✅ Проверка подключения к S3 пройдена успешно!
[2026-03-01T09:19:58.297+0000] {logging_mixin.py:188} INFO - +-------------------+-----------+-------------------+-----------------+
|        customer_pk|customer_id|  registration_date|is_loyalty_member|
+-------------------+-----------+-------------------+-----------------+
|2548608509024688504| cus-102088|2024-08-20 16:50:56|             true|
|  90376278230315321| cus-102087|2024-10-01 16:50:56|             true|
| 293634030022388603| cus-102047|2025-10-17 16:50:56|             true|
| 421604615932879631| cus-102000|2024-04-05 16:50:56|             true|
| 710280775358057256| cus-102016|2025-05-03 16:50:56|             true|
| 769418141428691029| cus-102053|2025-01-20 16:50:56|             true|
| 864262588851882856| cus-102024|2025-03-05 16:50:56|             true|
|1144199855976912586| cus-102056|2025-03-21 16:50:56|             true|
|1168586044511875731| cus-102022|2024-10-02 16:50:56|             true|
|1557686155565141281| cus-102077|2025-03-30 16:50:56|             true|
|1716779570112243137| cus-102059|2025-02-02 16:50:56|             true|
|1759844826598570449| cus-102041|2024-06-14 16:50:56|             true|
|1762114623553233591| cus-102083|2024-12-04 16:50:56|             true|
|1993189347480512090| cus-102030|2024-04-19 16:50:56|             true|
|2110102198217267892| cus-102064|2025-03-31 16:50:56|             true|
|2448985849358143269| cus-102023|2025-11-03 16:50:56|             true|
|2484748000172317099| cus-102048|2025-09-06 16:50:56|             true|
|3202698452274110141| cus-102040|2024-08-14 16:50:56|             true|
|3322061174904165211| cus-102005|2025-01-03 16:50:56|             true|
|3324685008715348487| cus-102054|2024-07-04 16:50:56|             true|
+-------------------+-----------+-------------------+-----------------+
only showing top 20 rows
[2026-03-01T09:19:58.618+0000] {logging_mixin.py:188} INFO - +-------------------+--------------------+--------------------+--------------------+--------------------+------------+-----------------+-------------------+-----------+-------------------+
|        purchase_pk|         customer_pk|            store_pk| delivery_address_id|    delivery_city_id|total_amount|payment_method_id|payment_method_name|is_delivery|  purchase_datetime|
+-------------------+--------------------+--------------------+--------------------+--------------------+------------+-----------------+-------------------+-----------+-------------------+
|  37505823145347490|17237221905125028356| 9829375473110392486|16537076051170633865| 6669666033845643278|      675.07|                2|               cash|       true|2025-11-26 16:50:56|
|  10080683939871679|18020196769643741962| 6513254720922663589|16797777054856931204| 6820665127455753191|     1284.84|                2|               cash|       true|2025-08-21 16:50:56|
|  10443832720374111|14382631966421412963|17178047234088331764|                   0|                   0|      421.33|                3|             online|      false|2025-04-05 16:50:56|
| 159396248788566800| 6512853426900033491|17243839422288664863| 4516415771487159632|16407469541971575945|     1073.55|                2|               cash|       true|2026-01-12 16:50:56|
| 225270144474639298|18020196769643741962| 4692061054997426951|                   0|                   0|      1636.0|                2|               cash|      false|2026-01-07 16:50:56|
| 233057258941730897| 6870789760547292416|10911420176064589457|                   0|                   0|     4400.71|                2|               cash|      false|2025-05-06 16:50:56|
| 281057376140806042|  769418141428691029|10911420176064589457|                   0|                   0|      500.46|                3|             online|      false|2025-10-26 16:50:56|
| 465085882282695144| 6512853426900033491|17243839422288664863| 4516415771487159632|16407469541971575945|      937.49|                1|               card|       true|2025-11-21 16:50:56|
| 470146644832753966| 7458138624245626923| 2961831399662680540|                   0|                   0|       93.14|                1|               card|      false|2025-03-19 16:50:56|
| 569454548804392989| 7458138624245626923| 9829375473110392486|                   0|                   0|     1491.66|                3|             online|      false|2025-03-26 16:50:56|
| 662709493330173018| 6536037986045956816| 3859975229781938197|                   0|                   0|      793.39|                3|             online|      false|2025-06-05 16:50:56|
| 822843684206064948| 9560562842004350180| 7731938848707635372|                   0|                   0|     1716.42|                2|               cash|      false|2025-04-28 16:50:56|
| 864366071982694955|  293634030022388603|10923087282722258828|                   0|                   0|      1788.4|                2|               cash|      false|2025-09-02 16:50:56|
| 950984137775830414| 8153171810807500465|11814526252211197643|10830880682363855214| 9452348623562206575|     3075.25|                2|               cash|       true|2025-09-25 16:50:56|
|1015015194633129524| 1716779570112243137|16074636106730896827|                   0|                   0|     1479.31|                2|               cash|      false|2026-01-17 16:50:56|
|1061710346621434392|17587063348631705724| 8196942229410660037|                   0|                   0|     1311.28|                1|               card|      false|2025-08-04 16:50:56|
|1118587956012343651|18409220625880437729|18432242433959693496|                   0|                   0|     1886.32|                3|             online|      false|2025-08-01 16:50:56|
|1218453056944129316|  769418141428691029|10911420176064589457| 1337178583891576499|16655692243328032334|      530.78|                2|               cash|       true|2025-08-03 16:50:56|
|1269968317346793076| 6383821375615326932| 2675638147963818549|   50896190766770771| 5282892129430202966|     2330.77|                3|             online|       true|2025-09-22 16:50:56|
|1279835673076714646| 6624278226964324029|10923087282722258828|16214494246192031500|11589624044269515600|      124.18|                2|               cash|       true|2025-08-12 16:50:56|
+-------------------+--------------------+--------------------+--------------------+--------------------+------------+-----------------+-------------------+-----------+-------------------+
only showing top 20 rows
[2026-03-01T09:19:58.863+0000] {logging_mixin.py:188} INFO - +-------------------+--------------------+------+----------+--------------------+
|         product_pk|        product_name| price|is_organic|       category_name|
+-------------------+--------------------+------+----------+--------------------+
| 240201107014455108|        куриное филе|265.39|     false|мясо, рыба, яйца ...|
| 301246117085865574|                кекс| 117.3|     false|зерновые и хлебоб...|
| 313066989611070745|            виноград|168.65|     false|      фрукты и ягоды|
| 393461130181427705|     лаваш армянский| 68.88|     false|зерновые и хлебоб...|
| 434280926097662921|       йогурт густой| 62.09|      true|   молочные продукты|
| 625314692522218997|             сосиски|267.77|     false|мясо, рыба, яйца ...|
| 641825490791835610|             пряники|163.26|      true|зерновые и хлебоб...|
| 651833334301775749|      хлеб пшеничный| 35.14|     false|зерновые и хлебоб...|
|1081663260684500001|капуста белокочанная| 50.53|      true|      овощи и зелень|
|1205311584834923563|               лимон|119.59|     false|      фрукты и ягоды|
|1337943674887666563|       сыр плавленый| 66.59|      true|   молочные продукты|
|1460506377039965115|             свинина|392.61|     false|мясо, рыба, яйца ...|
|1549462517728195751|              минтай|247.87|     false|мясо, рыба, яйца ...|
|1622834884860611513|     творожная масса|114.23|      true|   молочные продукты|
|1626663357979205267|         сметана 20%| 99.27|      true|   молочные продукты|
|1647410426118124956|         хлеб ржаной| 57.42|      true|зерновые и хлебоб...|
|1760008607120514864|            говядина|495.77|      true|мясо, рыба, яйца ...|
|1820634022659700980|              шпинат|117.06|     false|      овощи и зелень|
|1841032621031403672|             ряженка| 61.56|     false|   молочные продукты|
|1870564473447910501|            баранина|559.68|      true|мясо, рыба, яйца ...|
+-------------------+--------------------+------+----------+--------------------+
only showing top 20 rows
[2026-03-01T09:19:59.072+0000] {logging_mixin.py:188} INFO - +--------------------+------------------------+--------------------+
|            store_pk|store_delivery_available|       store_city_id|
+--------------------+------------------------+--------------------+
| 4692061054997426951|                   false| 6820665127455753191|
|11670616758205300726|                    true|16355699785285920133|
|18043471505256969379|                    true| 3485800887571282590|
| 7232378548934719103|                    true| 9813129139503726478|
| 5660670172509238686|                    true| 9813129139503726478|
| 8287376788154535932|                   false| 9452348623562206575|
|10911420176064589457|                    true|16655692243328032334|
| 7686466403324148535|                    true| 1226964087788912659|
|13866383137000733898|                   false| 3848376425330585567|
|17506409212099994522|                    true|15425034389476716185|
| 2675638147963818549|                    true| 5282892129430202966|
| 9573003644149761719|                   false| 5019629916906286743|
| 8196942229410660037|                    true| 1226964087788912659|
| 6513254720922663589|                    true| 6820665127455753191|
|13607614175385400076|                    true| 4623820334902381411|
| 6963292330771858560|                   false| 4623820334902381411|
| 7620034972947214917|                    true|18201591812640350322|
| 3122272640309531860|                    true| 7446145930937050134|
|17764425890966024790|                    true| 3745277764759433350|
|18432242433959693496|                    true| 4158169769813080284|
+--------------------+------------------------+--------------------+
only showing top 20 rows
[2026-03-01T09:19:59.235+0000] {logging_mixin.py:188} INFO - +------------------+--------------------+--------------------+--------+-----------+
|           item_pk|         purchase_pk|          product_pk|quantity|total_price|
+------------------+--------------------+--------------------+--------+-----------+
|  5081309968950765| 5829058958780245242|17431735938025548114|     3.0|      472.2|
|  7380884291238090|15135402966248483903| 1460506377039965115|     2.0|     785.22|
| 22857486393976362|13996776396155580029|10518334241803346673|     1.0|     112.67|
| 37146233900335920|  465085882282695144|  313066989611070745|     1.0|     168.65|
| 69165846988055199|14170627975525149890|12966041839848496418|     2.0|      133.7|
| 84821838087212087| 8267730664094723322|10974419364778172139|     1.0|      311.2|
|110026430495434291|  822843684206064948|  651833334301775749|     3.0|     105.42|
|116287540020968242| 9922909673298747616| 3461264350426941475|     1.0|      82.12|
|142128527432315411|10377145295155190614|14264846090186944947|     1.0|      193.4|
|156147605173250734|13558896506571814379| 1820634022659700980|     2.0|     234.12|
|169754892208056153|10683401911101346462|  434280926097662921|     2.0|     124.18|
|191004392137610713|15636100540716699716| 4652480185648275818|     3.0|     365.79|
|199726143129493345| 4769597294536154503|11936919334975258939|     1.0|     105.17|
|203166134132798786| 6574279006767484165|  313066989611070745|     3.0|     505.95|
|209575152850094095|15636100540716699716|11759432672542674673|     2.0|     217.98|
|216028159369759570| 1468645721976028880| 3461264350426941475|     1.0|      82.12|
|231038788673752261|11433842515096554559|17558603198440237405|     1.0|      418.4|
|232890932117681372|12443282473740575675| 1337943674887666563|     1.0|      66.59|
|258434545576775629| 4042075464079905986| 9550942672742360254|     1.0|     335.04|
|270803300903443006|14764426992829753445| 9076702470539572366|     3.0|     190.44|
+------------------+--------------------+--------------------+--------+-----------+
only showing top 20 rows
[2026-03-01T09:19:59.684+0000] {pyspark_etl.py:104} INFO - 📊 customers: 89 записей
[2026-03-01T09:19:59.819+0000] {pyspark_etl.py:105} INFO - 📊 purchases: 500 записей
[2026-03-01T09:19:59.962+0000] {pyspark_etl.py:106} INFO - 📊 products: 116 записей
[2026-03-01T09:20:00.124+0000] {pyspark_etl.py:107} INFO - 📊 stores: 45 записей
[2026-03-01T09:20:00.245+0000] {pyspark_etl.py:108} INFO - 📊 purchase_items: 1433 записей
[2026-03-01T09:20:05.550+0000] {feature_engineering.py:511} INFO - milk_purchases: 12
[2026-03-01T09:20:06.993+0000] {feature_engineering.py:512} INFO - fruits_purchases: 3
[2026-03-01T09:20:08.287+0000] {feature_engineering.py:513} INFO - not_veggies: 85
[2026-03-01T09:20:08.443+0000] {feature_engineering.py:514} INFO - recurrent: 20
[2026-03-01T09:20:08.571+0000] {feature_engineering.py:515} INFO - inactive: 89
[2026-03-01T09:20:08.656+0000] {feature_engineering.py:516} INFO - new_cust: 89
[2026-03-01T09:20:09.926+0000] {feature_engineering.py:517} INFO - organic: 88
[2026-03-01T09:20:10.044+0000] {feature_engineering.py:518} INFO - avg_basket: 89
[2026-03-01T09:20:11.265+0000] {feature_engineering.py:519} INFO - bakery: 59
[2026-03-01T09:20:11.525+0000] {feature_engineering.py:520} INFO - loyal: 89
[2026-03-01T09:20:11.783+0000] {feature_engineering.py:521} INFO - customer_cities: 89
[2026-03-01T09:20:12.786+0000] {feature_engineering.py:522} INFO - meat: 0
[2026-03-01T09:20:12.877+0000] {feature_engineering.py:523} INFO - time_pref: 89
[2026-03-01T09:20:12.953+0000] {feature_engineering.py:524} INFO - pay_pref: 89
[2026-03-01T09:20:13.062+0000] {feature_engineering.py:525} INFO - weekend_pref: 89
[2026-03-01T09:20:13.253+0000] {feature_engineering.py:526} INFO - single_item: 89
[2026-03-01T09:20:14.202+0000] {feature_engineering.py:527} INFO - varied: 89
[2026-03-01T09:20:14.368+0000] {feature_engineering.py:528} INFO - store_loyalty: 85
[2026-03-01T09:20:14.551+0000] {feature_engineering.py:529} INFO - family: 89
[2026-03-01T09:20:14.624+0000] {feature_engineering.py:530} INFO - early: 0
[2026-03-01T09:20:14.805+0000] {feature_engineering.py:531} INFO - no_purch: 0
[2026-03-01T09:20:14.903+0000] {feature_engineering.py:532} INFO - high_spender: 0
[2026-03-01T09:20:15.868+0000] {feature_engineering.py:533} INFO - fruit_lover: 10
[2026-03-01T09:20:16.977+0000] {feature_engineering.py:534} INFO - vegetarian: 45
[2026-03-01T09:20:18.358+0000] {feature_engineering.py:641} INFO - Всего признаков рассчитано: 30
[2026-03-01T09:20:20.608+0000] {feature_engineering.py:642} INFO - Клиентов с признаками: 89
[2026-03-01T09:20:20.674+0000] {logging_mixin.py:188} INFO - root
 |-- customer_id: string (nullable = true)
 |-- bought_milk_last_30d: integer (nullable = false)
 |-- bought_fruits_last_14d: integer (nullable = false)
 |-- not_bought_veggies_14d: integer (nullable = false)
 |-- recurrent_buyer: integer (nullable = false)
 |-- inactive_14_30: integer (nullable = false)
 |-- new_customer: integer (nullable = false)
 |-- delivery_user: integer (nullable = false)
 |-- organic_preference: integer (nullable = false)
 |-- bulk_buyer: integer (nullable = false)
 |-- low_cost_buyer: integer (nullable = false)
 |-- buys_bakery: integer (nullable = false)
 |-- loyal_customer: integer (nullable = false)
 |-- multicity_buyer: integer (nullable = false)
 |-- bought_meat_last_week: integer (nullable = false)
 |-- night_shopper: integer (nullable = false)
 |-- morning_shopper: integer (nullable = false)
 |-- prefers_cash: integer (nullable = false)
 |-- prefers_card: integer (nullable = false)
 |-- weekend_shopper: integer (nullable = false)
 |-- weekday_shopper: integer (nullable = false)
 |-- single_item_buyer: integer (nullable = false)
 |-- varied_shopper: integer (nullable = false)
 |-- store_loyal: integer (nullable = false)
 |-- switching_store: integer (nullable = false)
 |-- family_shopper: integer (nullable = false)
 |-- early_bird: integer (nullable = false)
 |-- no_purchases: integer (nullable = false)
 |-- recent_high_spender: integer (nullable = false)
 |-- fruit_lover: integer (nullable = false)
 |-- vegetarian_profile: integer (nullable = false)
[2026-03-01T09:20:32.284+0000] {logging_mixin.py:188} INFO - +-----------+--------------------+----------------------+----------------------+---------------+--------------+------------+-------------+------------------+----------+--------------+-----------+--------------+---------------+---------------------+-------------+---------------+------------+------------+---------------+---------------+-----------------+--------------+-----------+---------------+--------------+----------+------------+-------------------+-----------+------------------+
|customer_id|bought_milk_last_30d|bought_fruits_last_14d|not_bought_veggies_14d|recurrent_buyer|inactive_14_30|new_customer|delivery_user|organic_preference|bulk_buyer|low_cost_buyer|buys_bakery|loyal_customer|multicity_buyer|bought_meat_last_week|night_shopper|morning_shopper|prefers_cash|prefers_card|weekend_shopper|weekday_shopper|single_item_buyer|varied_shopper|store_loyal|switching_store|family_shopper|early_bird|no_purchases|recent_high_spender|fruit_lover|vegetarian_profile|
+-----------+--------------------+----------------------+----------------------+---------------+--------------+------------+-------------+------------------+----------+--------------+-----------+--------------+---------------+---------------------+-------------+---------------+------------+------------+---------------+---------------+-----------------+--------------+-----------+---------------+--------------+----------+------------+-------------------+-----------+------------------+
|cus-102086 |1                   |0                     |1                     |0              |1             |0           |0            |1                 |0         |0             |0          |1             |0              |0                    |0            |0              |0           |0           |0              |1              |0                |0             |0          |1              |0             |0         |0           |0                  |0          |1                 |
|cus-102088 |1                   |0                     |1                     |0              |0             |0           |1            |1                 |1         |0             |1          |1             |0              |0                    |0            |0              |0           |0           |0              |0              |0                |1             |0          |1              |0             |0         |0           |0                  |0          |1                 |
|cus-102000 |0                   |0                     |1                     |0              |0             |0           |1            |1                 |0         |0             |1          |1             |0              |0                    |0            |0              |0           |0           |0              |1              |0                |1             |1          |0              |0             |0         |0           |0                  |0          |1                 |
|cus-102047 |0                   |0                     |1                     |0              |0             |0           |1            |1                 |0         |0             |1          |1             |0              |0                    |0            |0              |0           |0           |0              |1              |0                |1             |0          |1              |0             |0         |0           |0                  |0          |1                 |
|cus-102087 |0                   |0                     |1                     |0              |0             |0           |1            |1                 |1         |0             |0          |1             |0              |0                    |0            |0              |0           |0           |0              |1              |0                |1             |0          |1              |0             |0         |0           |0                  |0          |1                 |
+-----------+--------------------+----------------------+----------------------+---------------+--------------+------------+-------------+------------------+----------+--------------+-----------+--------------+---------------+---------------------+-------------+---------------+------------+------------+---------------+---------------+-----------------+--------------+-----------+---------------+--------------+----------+------------+-------------------+-----------+------------------+
only showing top 5 rows
[2026-03-01T09:20:32.292+0000] {s3_writer.py:73} INFO - 🔍 Проверка подключения к S3 Selectel...
[2026-03-01T09:20:32.293+0000] {s3_writer.py:74} INFO - 📌 Endpoint: https://s3.ru-7.storage.selcloud.ru
[2026-03-01T09:20:32.293+0000] {s3_writer.py:75} INFO - 📌 Bucket: reports-for-customer
[2026-03-01T09:20:32.293+0000] {s3_writer.py:76} INFO - 📌 Регион: ru-7
[2026-03-01T09:20:32.385+0000] {s3_writer.py:80} INFO - ✅ Бакет 'reports-for-customer' доступен
[2026-03-01T09:20:32.386+0000] {s3_writer.py:81} INFO - ✅ Подключение к S3 Selectel успешно!
[2026-03-01T09:20:32.386+0000] {s3_writer.py:169} INFO - 💾 Запись во временный файл: /tmp/tmpm_5zn5ps/analytic_result_2026_03_01.csv
[2026-03-01T09:20:42.638+0000] {s3_writer.py:196} INFO - 📤 Загрузка в S3: analytics/analytic_result_2026_03_01.csv
[2026-03-01T09:20:42.750+0000] {s3_writer.py:203} INFO - ✅ Файл сохранён: s3a://reports-for-customer/analytics/analytic_result_2026_03_01.csv
[2026-03-01T09:20:42.751+0000] {pyspark_etl.py:123} INFO - ✅ ETL завершён. Файл: s3a://reports-for-customer/analytics/analytic_result_2026_03_01.csv
[2026-03-01T09:20:43.033+0000] {python.py:237} INFO - Done. Returned value was: None
[2026-03-01T09:20:43.034+0000] {taskinstance.py:441} INFO - ::group::Post task execution logs
[2026-03-01T09:20:43.042+0000] {taskinstance.py:1206} INFO - Marking task as SUCCESS. dag_id=pipeline_retail_data, task_id=spark_etl_task, run_id=manual__2026-03-01T09:14:29.893568+00:00, execution_date=20260301T091429, start_date=20260301T091948, end_date=20260301T092043
[2026-03-01T09:20:43.116+0000] {local_task_job_runner.py:240} INFO - Task exited with return code 0
[2026-03-01T09:20:43.130+0000] {taskinstance.py:3503} INFO - 0 downstream tasks scheduled from follow-on schedule check
[2026-03-01T09:20:43.188+0000] {local_task_job_runner.py:222} INFO - ::endgroup::
