[2026-03-01T09:14:37.474+0000] {local_task_job_runner.py:120} INFO - ::group::Pre task execution logs
[2026-03-01T09:14:37.493+0000] {taskinstance.py:2076} INFO - Dependencies all met for dep_context=non-requeueable deps ti=<TaskInstance: pipeline_retail_data.check_mongo_data_task manual__2026-03-01T09:14:29.893568+00:00 [queued]>
[2026-03-01T09:14:37.500+0000] {taskinstance.py:2076} INFO - Dependencies all met for dep_context=requeueable deps ti=<TaskInstance: pipeline_retail_data.check_mongo_data_task manual__2026-03-01T09:14:29.893568+00:00 [queued]>
[2026-03-01T09:14:37.501+0000] {taskinstance.py:2306} INFO - Starting attempt 1 of 4
[2026-03-01T09:14:37.515+0000] {taskinstance.py:2330} INFO - Executing <Task(PythonOperator): check_mongo_data_task> on 2026-03-01 09:14:29.893568+00:00
[2026-03-01T09:14:37.520+0000] {standard_task_runner.py:63} INFO - Started process 1429 to run task
[2026-03-01T09:14:37.523+0000] {standard_task_runner.py:90} INFO - Running: ['***', 'tasks', 'run', 'pipeline_retail_data', 'check_mongo_data_task', 'manual__2026-03-01T09:14:29.893568+00:00', '--job-id', '59', '--raw', '--subdir', 'DAGS_FOLDER/pipeline_retail_data.py', '--cfg-path', '/tmp/tmp0hvrab93']
[2026-03-01T09:14:37.524+0000] {standard_task_runner.py:91} INFO - Job 59: Subtask check_mongo_data_task
[2026-03-01T09:14:37.566+0000] {task_command.py:426} INFO - Running <TaskInstance: pipeline_retail_data.check_mongo_data_task manual__2026-03-01T09:14:29.893568+00:00 [running]> on host f16dd66b711b
[2026-03-01T09:14:37.650+0000] {taskinstance.py:2648} INFO - Exporting env vars: AIRFLOW_CTX_DAG_OWNER='***' AIRFLOW_CTX_DAG_ID='pipeline_retail_data' AIRFLOW_CTX_TASK_ID='check_mongo_data_task' AIRFLOW_CTX_EXECUTION_DATE='2026-03-01T09:14:29.893568+00:00' AIRFLOW_CTX_TRY_NUMBER='1' AIRFLOW_CTX_DAG_RUN_ID='manual__2026-03-01T09:14:29.893568+00:00'
[2026-03-01T09:14:37.651+0000] {taskinstance.py:430} INFO - ::endgroup::
[2026-03-01T09:14:37.667+0000] {mongo_tasks.py:75} INFO - ============================================================
[2026-03-01T09:14:37.667+0000] {mongo_tasks.py:76} INFO - 🔍 ПРОВЕРКА ДАННЫХ В MONGODB
[2026-03-01T09:14:37.668+0000] {mongo_tasks.py:77} INFO - ============================================================
[2026-03-01T09:14:37.668+0000] {mongo_connector.py:81} INFO - 🔄 Подключение к MongoDB...
[2026-03-01T09:14:37.712+0000] {mongo_connector.py:92} INFO - ✅ Подключение успешно установлено
[2026-03-01T09:14:37.712+0000] {check_data_in_mongo.py:112} INFO - 📊 Сбор статистики по коллекциям...
[2026-03-01T09:14:37.718+0000] {check_data_in_mongo.py:174} INFO - 
============================================================
[2026-03-01T09:14:37.718+0000] {check_data_in_mongo.py:175} INFO - 📊 РЕЗУЛЬТАТЫ ПРОВЕРКИ
[2026-03-01T09:14:37.719+0000] {check_data_in_mongo.py:176} INFO - ============================================================
[2026-03-01T09:14:37.719+0000] {check_data_in_mongo.py:177} INFO - 📌 База данных: retail_data
[2026-03-01T09:14:37.719+0000] {check_data_in_mongo.py:86} INFO - 📁 Коллекция 'stores': 45 документов
[2026-03-01T09:14:37.719+0000] {check_data_in_mongo.py:89} INFO -   📋 Примеры документов:
[2026-03-01T09:14:37.720+0000] {check_data_in_mongo.py:95} INFO -     1. {'_id': ObjectId('69a4037952a074d4d640b3ef'), 'store_id': 'store-001', 'store_name': 'Большая Пикча — Магазин на ул. Блохинаа', 'store_network': 'Большая Пикча', 'store_type_description': 'Супермаркет...
[2026-03-01T09:14:37.720+0000] {check_data_in_mongo.py:95} INFO -     2. {'_id': ObjectId('69a4037952a074d4d640b3f0'), 'store_id': 'store-002', 'store_name': 'Большая Пикча — Магазин на пр. Новочеркасск', 'store_network': 'Большая Пикча', 'store_type_description': 'Суперма...
[2026-03-01T09:14:37.720+0000] {check_data_in_mongo.py:95} INFO -     3. {'_id': ObjectId('69a4037952a074d4d640b3f1'), 'store_id': 'store-003', 'store_name': 'Большая Пикча — Магазин на ул. Дьячкова', 'store_network': 'Большая Пикча', 'store_type_description': 'Супермаркет...
[2026-03-01T09:14:37.721+0000] {check_data_in_mongo.py:86} INFO - 📁 Коллекция 'products': 116 документов
[2026-03-01T09:14:37.721+0000] {check_data_in_mongo.py:89} INFO -   📋 Примеры документов:
[2026-03-01T09:14:37.721+0000] {check_data_in_mongo.py:95} INFO -     1. {'_id': ObjectId('69a4037952a074d4d640b41c'), 'id': 'prd-0001', 'name': 'Хлеб ржаной', 'group': '🥖 Зерновые и хлебобулочные изделия', 'description': 'Хлеб ржаной.', 'kbju': {'calories': 165, 'protein'...
[2026-03-01T09:14:37.722+0000] {check_data_in_mongo.py:95} INFO -     2. {'_id': ObjectId('69a4037952a074d4d640b41d'), 'id': 'prd-0002', 'name': 'Хлеб пшеничный', 'group': '🥖 Зерновые и хлебобулочные изделия', 'description': 'Хлеб пшеничный.', 'kbju': {'calories': 260, 'pr...
[2026-03-01T09:14:37.722+0000] {check_data_in_mongo.py:95} INFO -     3. {'_id': ObjectId('69a4037952a074d4d640b41e'), 'id': 'prd-0003', 'name': 'Батон нарезной', 'group': '🥖 Зерновые и хлебобулочные изделия', 'description': 'Батон нарезной.', 'kbju': {'calories': 262, 'pr...
[2026-03-01T09:14:37.723+0000] {check_data_in_mongo.py:86} INFO - 📁 Коллекция 'customers': 89 документов
[2026-03-01T09:14:37.723+0000] {check_data_in_mongo.py:89} INFO -   📋 Примеры документов:
[2026-03-01T09:14:37.723+0000] {check_data_in_mongo.py:95} INFO -     1. {'_id': ObjectId('69a4037952a074d4d640b490'), 'customer_id': 'cus-102000', 'first_name': 'Епифан', 'last_name': 'Фадеева', 'email': 'epifan.fadeeva@yahoo.com', 'phone': '+7 (377) 932-4620', 'birth_dat...
[2026-03-01T09:14:37.724+0000] {check_data_in_mongo.py:95} INFO -     2. {'_id': ObjectId('69a4037952a074d4d640b491'), 'customer_id': 'cus-102001', 'first_name': 'Мефодий', 'last_name': 'Киселева', 'email': 'mefodii.kiseleva@yandex.ru', 'phone': '87271425630', 'birth_date'...
[2026-03-01T09:14:37.724+0000] {check_data_in_mongo.py:95} INFO -     3. {'_id': ObjectId('69a4037952a074d4d640b492'), 'customer_id': 'cus-102002', 'first_name': 'Аггей', 'last_name': 'Селезнева', 'email': 'aggei.selezneva@hotmail.com', 'phone': '+7 768 564 99 31', 'birth_...
[2026-03-01T09:14:37.724+0000] {check_data_in_mongo.py:86} INFO - 📁 Коллекция 'purchases': 500 документов
[2026-03-01T09:14:37.725+0000] {check_data_in_mongo.py:89} INFO -   📋 Примеры документов:
[2026-03-01T09:14:37.725+0000] {check_data_in_mongo.py:95} INFO -     1. {'_id': ObjectId('69a4037952a074d4d640b4e9'), 'purchase_id': 'ord-00001', 'customer': {'customer_id': 'cus-102061', 'first_name': 'Алла', 'last_name': 'Бурова', 'email': 'alla.burova@rambler.ru', 'pho...
[2026-03-01T09:14:37.725+0000] {check_data_in_mongo.py:95} INFO -     2. {'_id': ObjectId('69a4037952a074d4d640b4ea'), 'purchase_id': 'ord-00002', 'customer': {'customer_id': 'cus-102088', 'first_name': 'Рюрик', 'last_name': 'Голубева', 'email': 'riurik.golubeva@yahoo.com'...
[2026-03-01T09:14:37.725+0000] {check_data_in_mongo.py:95} INFO -     3. {'_id': ObjectId('69a4037952a074d4d640b4eb'), 'purchase_id': 'ord-00003', 'customer': {'customer_id': 'cus-102087', 'first_name': 'Виктория', 'last_name': 'Муравьев', 'email': 'viktoriia.muravev@rambl...
[2026-03-01T09:14:37.726+0000] {check_data_in_mongo.py:182} INFO - 
============================================================
[2026-03-01T09:14:37.726+0000] {check_data_in_mongo.py:183} INFO - ✅ ВСЕГО ДОКУМЕНТОВ: 750
[2026-03-01T09:14:37.726+0000] {check_data_in_mongo.py:184} INFO - ============================================================
[2026-03-01T09:14:37.727+0000] {check_data_in_mongo.py:204} INFO - 
🔌 Соединение с MongoDB закрыто
[2026-03-01T09:14:37.728+0000] {check_data_in_mongo.py:215} INFO - 
============================================================
[2026-03-01T09:14:37.728+0000] {check_data_in_mongo.py:216} INFO - 📋 СВОДКА ПРОВЕРКИ
[2026-03-01T09:14:37.729+0000] {check_data_in_mongo.py:217} INFO - ============================================================
[2026-03-01T09:14:37.729+0000] {check_data_in_mongo.py:226} INFO - ✅ Статус: УСПЕШНО
[2026-03-01T09:14:37.729+0000] {check_data_in_mongo.py:227} INFO - 📌 База данных: retail_data
[2026-03-01T09:14:37.729+0000] {check_data_in_mongo.py:228} INFO - 📊 Всего документов: 750
[2026-03-01T09:14:37.729+0000] {check_data_in_mongo.py:229} INFO - 
Коллекции:
[2026-03-01T09:14:37.730+0000] {check_data_in_mongo.py:233} INFO -   ✅ stores: 45 док.
[2026-03-01T09:14:37.730+0000] {check_data_in_mongo.py:233} INFO -   ✅ products: 116 док.
[2026-03-01T09:14:37.730+0000] {check_data_in_mongo.py:233} INFO -   ✅ customers: 89 док.
[2026-03-01T09:14:37.730+0000] {check_data_in_mongo.py:233} INFO -   ✅ purchases: 500 док.
[2026-03-01T09:14:37.731+0000] {mongo_tasks.py:91} INFO - ✅ Проверка завершена успешно!
[2026-03-01T09:14:37.731+0000] {python.py:237} INFO - Done. Returned value was: None
[2026-03-01T09:14:37.732+0000] {taskinstance.py:441} INFO - ::group::Post task execution logs
[2026-03-01T09:14:37.741+0000] {taskinstance.py:1206} INFO - Marking task as SUCCESS. dag_id=pipeline_retail_data, task_id=check_mongo_data_task, run_id=manual__2026-03-01T09:14:29.893568+00:00, execution_date=20260301T091429, start_date=20260301T091437, end_date=20260301T091437
[2026-03-01T09:14:37.935+0000] {local_task_job_runner.py:240} INFO - Task exited with return code 0
[2026-03-01T09:14:37.962+0000] {taskinstance.py:3503} INFO - 1 downstream tasks scheduled from follow-on schedule check
[2026-03-01T09:14:37.964+0000] {local_task_job_runner.py:222} INFO - ::endgroup::
