[2026-03-01T09:14:46.256+0000] {local_task_job_runner.py:120} INFO - ::group::Pre task execution logs
[2026-03-01T09:14:46.279+0000] {taskinstance.py:2076} INFO - Dependencies all met for dep_context=non-requeueable deps ti=<TaskInstance: pipeline_retail_data.transfer_kafka_to_clickhouse manual__2026-03-01T09:14:29.893568+00:00 [queued]>
[2026-03-01T09:14:46.287+0000] {taskinstance.py:2076} INFO - Dependencies all met for dep_context=requeueable deps ti=<TaskInstance: pipeline_retail_data.transfer_kafka_to_clickhouse manual__2026-03-01T09:14:29.893568+00:00 [queued]>
[2026-03-01T09:14:46.288+0000] {taskinstance.py:2306} INFO - Starting attempt 1 of 4
[2026-03-01T09:14:46.303+0000] {taskinstance.py:2330} INFO - Executing <Task(PythonOperator): transfer_kafka_to_clickhouse> on 2026-03-01 09:14:29.893568+00:00
[2026-03-01T09:14:46.309+0000] {standard_task_runner.py:63} INFO - Started process 1444 to run task
[2026-03-01T09:14:46.313+0000] {standard_task_runner.py:90} INFO - Running: ['***', 'tasks', 'run', 'pipeline_retail_data', 'transfer_kafka_to_clickhouse', 'manual__2026-03-01T09:14:29.893568+00:00', '--job-id', '62', '--raw', '--subdir', 'DAGS_FOLDER/pipeline_retail_data.py', '--cfg-path', '/tmp/tmp2utvmfvr']
[2026-03-01T09:14:46.315+0000] {standard_task_runner.py:91} INFO - Job 62: Subtask transfer_kafka_to_clickhouse
[2026-03-01T09:14:46.365+0000] {task_command.py:426} INFO - Running <TaskInstance: pipeline_retail_data.transfer_kafka_to_clickhouse manual__2026-03-01T09:14:29.893568+00:00 [running]> on host f16dd66b711b
[2026-03-01T09:14:46.474+0000] {taskinstance.py:2648} INFO - Exporting env vars: AIRFLOW_CTX_DAG_OWNER='***' AIRFLOW_CTX_DAG_ID='pipeline_retail_data' AIRFLOW_CTX_TASK_ID='transfer_kafka_to_clickhouse' AIRFLOW_CTX_EXECUTION_DATE='2026-03-01T09:14:29.893568+00:00' AIRFLOW_CTX_TRY_NUMBER='1' AIRFLOW_CTX_DAG_RUN_ID='manual__2026-03-01T09:14:29.893568+00:00'
[2026-03-01T09:14:46.475+0000] {taskinstance.py:430} INFO - ::endgroup::
[2026-03-01T09:14:46.488+0000] {logging_mixin.py:188} INFO - ============================================================
[2026-03-01T09:14:46.488+0000] {logging_mixin.py:188} INFO - 📥 ЗАПУСК ПЕРЕНОСА ДАННЫХ ИЗ KAFKA В CLICKHOUSE
[2026-03-01T09:14:46.488+0000] {logging_mixin.py:188} INFO - ============================================================
[2026-03-01T09:14:46.499+0000] {base.py:84} INFO - Using connection ID 'kafka_default' for task execution.
[2026-03-01T09:14:46.499+0000] {logging_mixin.py:188} INFO - 📊 ClickHouse: clickhouse:9000/raw_data
[2026-03-01T09:14:46.500+0000] {logging_mixin.py:188} INFO - 📨 Kafka broker: kafka:29092
[2026-03-01T09:14:46.500+0000] {logging_mixin.py:188} INFO - 📋 Топики: ['products', 'stores', 'customers', 'purchases']
[2026-03-01T09:14:46.500+0000] {consumer_kafka_clickhouse.py:276} INFO - Подключение к ClickHouse clickhouse:9000/raw_data
[2026-03-01T09:14:46.510+0000] {consumer_kafka_clickhouse.py:287} INFO - ✅ Подключение к ClickHouse установлено
[2026-03-01T09:14:46.522+0000] {logging_mixin.py:188} INFO - ✅ Таблица raw_data.raw_products готова
[2026-03-01T09:14:46.523+0000] {consumer_kafka_clickhouse.py:295} INFO - ✅ Таблица raw_data.raw_products готова для RAW слоя
[2026-03-01T09:14:46.536+0000] {logging_mixin.py:188} INFO - ✅ Таблица raw_data.raw_stores готова
[2026-03-01T09:14:46.537+0000] {consumer_kafka_clickhouse.py:295} INFO - ✅ Таблица raw_data.raw_stores готова для RAW слоя
[2026-03-01T09:14:46.552+0000] {logging_mixin.py:188} INFO - ✅ Таблица raw_data.raw_customers готова
[2026-03-01T09:14:46.552+0000] {consumer_kafka_clickhouse.py:295} INFO - ✅ Таблица raw_data.raw_customers готова для RAW слоя
[2026-03-01T09:14:46.566+0000] {logging_mixin.py:188} INFO - ✅ Таблица raw_data.raw_purchases готова
[2026-03-01T09:14:46.566+0000] {consumer_kafka_clickhouse.py:295} INFO - ✅ Таблица raw_data.raw_purchases готова для RAW слоя
[2026-03-01T09:14:46.580+0000] {logging_mixin.py:188} INFO - ✅ Таблица/MV mart_data.dim_categories готова
[2026-03-01T09:14:46.587+0000] {logging_mixin.py:188} INFO - ✅ Таблица/MV mart_data.mv_dim_categories готова
[2026-03-01T09:14:46.599+0000] {logging_mixin.py:188} INFO - ✅ Таблица/MV mart_data.dim_units готова
[2026-03-01T09:14:46.604+0000] {logging_mixin.py:188} INFO - ✅ Таблица/MV mart_data.mv_dim_units готова
[2026-03-01T09:14:46.618+0000] {logging_mixin.py:188} INFO - ✅ Таблица/MV mart_data.dim_countries готова
[2026-03-01T09:14:46.626+0000] {logging_mixin.py:188} INFO - ✅ Таблица/MV mart_data.mv_dim_countries готова
[2026-03-01T09:14:46.636+0000] {logging_mixin.py:188} INFO - ✅ Таблица/MV mart_data.dim_language готова
[2026-03-01T09:14:46.641+0000] {logging_mixin.py:188} INFO - ✅ Таблица/MV mart_data.mv_dim_language готова
[2026-03-01T09:14:46.651+0000] {logging_mixin.py:188} INFO - ✅ Таблица/MV mart_data.dim_cities готова
[2026-03-01T09:14:46.657+0000] {logging_mixin.py:188} INFO - ✅ Таблица/MV mart_data.mv_dim_cities готова
[2026-03-01T09:14:46.667+0000] {logging_mixin.py:188} INFO - ✅ Таблица/MV mart_data.dim_address готова
[2026-03-01T09:14:46.677+0000] {logging_mixin.py:188} INFO - ✅ Таблица/MV mart_data.mv_dim_address готова
[2026-03-01T09:14:46.686+0000] {logging_mixin.py:188} INFO - ✅ Таблица/MV mart_data.dim_delivery_addresses готова
[2026-03-01T09:14:46.692+0000] {logging_mixin.py:188} INFO - ✅ Таблица/MV mart_data.mv_dim_delivery_addresses готова
[2026-03-01T09:14:46.704+0000] {logging_mixin.py:188} INFO - ✅ Таблица/MV mart_data.dim_managers готова
[2026-03-01T09:14:46.710+0000] {logging_mixin.py:188} INFO - ✅ Таблица/MV mart_data.mv_dim_managers готова
[2026-03-01T09:14:46.719+0000] {logging_mixin.py:188} INFO - ✅ Таблица/MV mart_data.dim_store_networks готова
[2026-03-01T09:14:46.724+0000] {logging_mixin.py:188} INFO - ✅ Таблица/MV mart_data.mv_dim_store_networks готова
[2026-03-01T09:14:46.734+0000] {logging_mixin.py:188} INFO - ✅ Таблица/MV mart_data.dim_opening_hours готова
[2026-03-01T09:14:46.740+0000] {logging_mixin.py:188} INFO - ✅ Таблица/MV mart_data.mv_dim_opening_hours готова
[2026-03-01T09:14:46.748+0000] {logging_mixin.py:188} INFO - ✅ Таблица/MV mart_data.dim_gender готова
[2026-03-01T09:14:46.754+0000] {logging_mixin.py:188} INFO - ✅ Таблица/MV mart_data.mv_dim_gender готова
[2026-03-01T09:14:46.765+0000] {logging_mixin.py:188} INFO - ✅ Таблица/MV mart_data.dim_manufacturer готова
[2026-03-01T09:14:46.772+0000] {logging_mixin.py:188} INFO - ✅ Таблица/MV mart_data.mv_dim_manufacturer готова
[2026-03-01T09:14:46.782+0000] {logging_mixin.py:188} INFO - ✅ Таблица/MV mart_data.dim_payment_method готова
[2026-03-01T09:14:46.789+0000] {logging_mixin.py:188} INFO - ✅ Таблица/MV mart_data.mv_dim_payment_method готова
[2026-03-01T09:14:46.799+0000] {logging_mixin.py:188} INFO - ✅ Таблица/MV mart_data.dim_type_store готова
[2026-03-01T09:14:46.804+0000] {logging_mixin.py:188} INFO - ✅ Таблица/MV mart_data.mv_dim_type_store готова
[2026-03-01T09:14:46.812+0000] {logging_mixin.py:188} INFO - ✅ Таблица/MV mart_data.products_details готова
[2026-03-01T09:14:46.821+0000] {logging_mixin.py:188} INFO - ✅ Таблица/MV mart_data.mv_products_details готова
[2026-03-01T09:14:46.831+0000] {logging_mixin.py:188} INFO - ✅ Таблица/MV mart_data.customers_details готова
[2026-03-01T09:14:46.839+0000] {logging_mixin.py:188} INFO - ✅ Таблица/MV mart_data.mv_customers_details готова
[2026-03-01T09:14:46.848+0000] {logging_mixin.py:188} INFO - ✅ Таблица/MV mart_data.stores_details готова
[2026-03-01T09:14:46.859+0000] {logging_mixin.py:188} INFO - ✅ Таблица/MV mart_data.mv_stores_details готова
[2026-03-01T09:14:46.879+0000] {logging_mixin.py:188} INFO - ✅ Таблица/MV mart_data.link_customers_stores готова
[2026-03-01T09:14:46.887+0000] {logging_mixin.py:188} INFO - ✅ Таблица/MV mart_data.mv_link_customers_stores готова
[2026-03-01T09:14:46.897+0000] {logging_mixin.py:188} INFO - ✅ Таблица/MV mart_data.purchases_details готова
[2026-03-01T09:14:46.906+0000] {logging_mixin.py:188} INFO - ✅ Таблица/MV mart_data.mv_purchases_details готова
[2026-03-01T09:14:46.915+0000] {logging_mixin.py:188} INFO - ✅ Таблица/MV mart_data.purchase_item_details готова
[2026-03-01T09:14:46.924+0000] {logging_mixin.py:188} INFO - ✅ Таблица/MV mart_data.mv_purchase_item_details готова
[2026-03-01T09:14:46.927+0000] {consumer_kafka_clickhouse.py:311} INFO - 📡 Подписка на топики: ['products', 'stores', 'customers', 'purchases']
[2026-03-01T09:19:47.362+0000] {consumer_kafka_clickhouse.py:639} INFO - 📊 ИТОГО: Обработано 750 сообщений
[2026-03-01T09:19:47.362+0000] {logging_mixin.py:188} INFO - 
✅ Перенос завершен. Обработано сообщений: 750
[2026-03-01T09:19:47.375+0000] {python.py:237} INFO - Done. Returned value was: 750
[2026-03-01T09:19:47.375+0000] {taskinstance.py:441} INFO - ::group::Post task execution logs
[2026-03-01T09:19:47.391+0000] {taskinstance.py:1206} INFO - Marking task as SUCCESS. dag_id=pipeline_retail_data, task_id=transfer_kafka_to_clickhouse, run_id=manual__2026-03-01T09:14:29.893568+00:00, execution_date=20260301T091429, start_date=20260301T091446, end_date=20260301T091947
[2026-03-01T09:19:47.412+0000] {local_task_job_runner.py:240} INFO - Task exited with return code 0
[2026-03-01T09:19:47.431+0000] {taskinstance.py:3503} INFO - 1 downstream tasks scheduled from follow-on schedule check
[2026-03-01T09:19:47.433+0000] {local_task_job_runner.py:222} INFO - ::endgroup::
